15:23:43 INFO  : Logs will be stored at '/thayerfs/home/f005cpz/workspace/module6/IDE.log'.
15:23:50 INFO  : Launching XSCT server: xsct -n  -interactive /thayerfs/home/f005cpz/workspace/module6/temp_xsdb_launch_script.tcl
15:23:50 INFO  : Platform repository initialization has completed.
15:23:50 INFO  : Registering command handlers for Vitis TCF services
15:23:54 INFO  : XSCT server has started successfully.
15:23:58 INFO  : plnx-install-location is set to ''
15:23:58 INFO  : Successfully done setting XSCT server connection channel  
15:23:58 INFO  : Successfully done query RDI_DATADIR 
15:23:58 INFO  : Successfully done setting workspace for the tool. 
15:24:55 INFO  : Result from executing command 'getProjects': module6_hw_wrapper
15:24:55 INFO  : Result from executing command 'getPlatforms': 
15:24:55 WARN  : An unexpected exception occurred in the module 'platform project logging'
15:24:58 INFO  : Platform 'module6_hw_wrapper' is added to custom repositories.
15:25:08 INFO  : Platform 'module6_hw_wrapper' is added to custom repositories.
15:46:58 INFO  : Result from executing command 'getProjects': module6_hw_wrapper
15:46:58 INFO  : Result from executing command 'getPlatforms': module6_hw_wrapper|/thayerfs/home/f005cpz/workspace/module6/module6_hw_wrapper/export/module6_hw_wrapper/module6_hw_wrapper.xpfm
15:47:02 INFO  : Checking for BSP changes to sync application flags for project 'module6_sw'...
15:49:01 INFO  : Checking for BSP changes to sync application flags for project 'module6_sw'...
15:49:54 INFO  : Checking for BSP changes to sync application flags for project 'module6_sw'...
15:50:33 INFO  : Checking for BSP changes to sync application flags for project 'module6_sw'...
15:51:00 INFO  : Checking for BSP changes to sync application flags for project 'module6_sw'...
15:51:55 INFO  : Checking for BSP changes to sync application flags for project 'module6_sw'...
15:53:18 INFO  : Checking for BSP changes to sync application flags for project 'module6_sw'...
15:54:21 INFO  : Checking for BSP changes to sync application flags for project 'module6_sw'...
13:46:55 INFO  : Logs will be stored at '/thayerfs/home/f005cpz/workspace/module6/IDE.log'.
13:46:59 INFO  : Launching XSCT server: xsct -n  -interactive /thayerfs/home/f005cpz/workspace/module6/temp_xsdb_launch_script.tcl
13:47:02 INFO  : Registering command handlers for Vitis TCF services
13:47:02 INFO  : Platform repository initialization has completed.
13:47:05 INFO  : XSCT server has started successfully.
13:47:05 INFO  : Successfully done setting XSCT server connection channel  
13:47:14 INFO  : plnx-install-location is set to ''
13:47:14 INFO  : Successfully done setting workspace for the tool. 
13:47:14 INFO  : Successfully done query RDI_DATADIR 
13:53:32 INFO  : Checking for BSP changes to sync application flags for project 'module6_sw'...
14:05:25 INFO  : Checking for BSP changes to sync application flags for project 'module6_sw'...
14:05:56 INFO  : Checking for BSP changes to sync application flags for project 'module6_sw'...
14:09:29 INFO  : Checking for BSP changes to sync application flags for project 'module6_sw'...
14:09:57 INFO  : Checking for BSP changes to sync application flags for project 'module6_sw'...
14:10:11 ERROR : (XSDB Server)ERROR: [Hsi 55-1571] The design file /thayerfs/home/f005cpz/workspace/module6/module6_hw_wrapper/export/module6_hw_wrapper/hw/module6_hw_wrapper.xsa is already opened

14:10:34 INFO  : Connected to target on host '127.0.0.1' and port '3121'.
14:10:35 INFO  : Jtag cable 'Digilent Zybo Z7 210351B7A99BA' is selected.
14:10:35 INFO  : 'jtag frequency' command is executed.
14:10:35 INFO  : Context for 'APU' is selected.
14:10:35 INFO  : System reset is completed.
14:10:39 INFO  : 'after 3000' command is executed.
14:10:39 INFO  : 'targets -set -filter {jtag_cable_name =~ "Digilent Zybo Z7 210351B7A99BA" && level==0 && jtag_device_ctx=="jsn-Zybo Z7-210351B7A99BA-13722093-0"}' command is executed.
14:10:40 INFO  : Device configured successfully with "/thayerfs/home/f005cpz/workspace/module6/module6_sw/_ide/bitstream/module6_hw_wrapper.bit"
14:10:40 INFO  : Context for 'APU' is selected.
14:10:40 INFO  : Hardware design and registers information is loaded from '/thayerfs/home/f005cpz/workspace/module6/module6_hw_wrapper/export/module6_hw_wrapper/hw/module6_hw_wrapper.xsa'.
14:10:40 INFO  : 'configparams force-mem-access 1' command is executed.
14:10:40 INFO  : Context for 'APU' is selected.
14:10:40 INFO  : Sourcing of '/thayerfs/home/f005cpz/workspace/module6/module6_sw/_ide/psinit/ps7_init.tcl' is done.
14:10:40 INFO  : 'ps7_init' command is executed.
14:10:40 INFO  : 'ps7_post_config' command is executed.
14:10:40 INFO  : Context for processor 'ps7_cortexa9_0' is selected.
14:10:41 INFO  : The application '/thayerfs/home/f005cpz/workspace/module6/module6_sw/Debug/module6_sw.elf' is downloaded to processor 'ps7_cortexa9_0'.
14:10:41 INFO  : 'configparams force-mem-access 0' command is executed.
14:10:41 INFO  : ----------------XSDB Script----------------
connect -url tcp:127.0.0.1:3121
targets -set -nocase -filter {name =~"APU*"}
rst -system
after 3000
targets -set -filter {jtag_cable_name =~ "Digilent Zybo Z7 210351B7A99BA" && level==0 && jtag_device_ctx=="jsn-Zybo Z7-210351B7A99BA-13722093-0"}
fpga -file /thayerfs/home/f005cpz/workspace/module6/module6_sw/_ide/bitstream/module6_hw_wrapper.bit
targets -set -nocase -filter {name =~"APU*"}
loadhw -hw /thayerfs/home/f005cpz/workspace/module6/module6_hw_wrapper/export/module6_hw_wrapper/hw/module6_hw_wrapper.xsa -mem-ranges [list {0x40000000 0xbfffffff}] -regs
configparams force-mem-access 1
targets -set -nocase -filter {name =~"APU*"}
source /thayerfs/home/f005cpz/workspace/module6/module6_sw/_ide/psinit/ps7_init.tcl
ps7_init
ps7_post_config
targets -set -nocase -filter {name =~ "*A9*#0"}
dow /thayerfs/home/f005cpz/workspace/module6/module6_sw/Debug/module6_sw.elf
configparams force-mem-access 0
----------------End of Script----------------

14:10:41 INFO  : Context for processor 'ps7_cortexa9_0' is selected.
14:10:41 INFO  : 'con' command is executed.
14:10:41 INFO  : ----------------XSDB Script (After Launch)----------------
targets -set -nocase -filter {name =~ "*A9*#0"}
con
----------------End of Script----------------

14:10:41 INFO  : Launch script is exported to file '/thayerfs/home/f005cpz/workspace/module6/module6_sw_system/_ide/scripts/systemdebugger_module6_sw_system_standalone.tcl'
14:11:01 INFO  : Disconnected from the channel tcfchan#2.
14:11:01 INFO  : Connected to target on host '127.0.0.1' and port '3121'.
14:11:01 INFO  : Jtag cable 'Digilent Zybo Z7 210351B7A99BA' is selected.
14:11:01 INFO  : 'jtag frequency' command is executed.
14:11:01 INFO  : Context for 'APU' is selected.
14:11:01 INFO  : System reset is completed.
14:11:04 INFO  : 'after 3000' command is executed.
14:11:04 INFO  : 'targets -set -filter {jtag_cable_name =~ "Digilent Zybo Z7 210351B7A99BA" && level==0 && jtag_device_ctx=="jsn-Zybo Z7-210351B7A99BA-13722093-0"}' command is executed.
14:11:05 INFO  : Device configured successfully with "/thayerfs/home/f005cpz/workspace/module6/module6_sw/_ide/bitstream/module6_hw_wrapper.bit"
14:11:05 INFO  : Context for 'APU' is selected.
14:11:08 INFO  : Hardware design and registers information is loaded from '/thayerfs/home/f005cpz/workspace/module6/module6_hw_wrapper/export/module6_hw_wrapper/hw/module6_hw_wrapper.xsa'.
14:11:08 INFO  : 'configparams force-mem-access 1' command is executed.
14:11:08 INFO  : Context for 'APU' is selected.
14:11:08 INFO  : Sourcing of '/thayerfs/home/f005cpz/workspace/module6/module6_sw/_ide/psinit/ps7_init.tcl' is done.
14:11:08 INFO  : 'ps7_init' command is executed.
14:11:08 INFO  : 'ps7_post_config' command is executed.
14:11:08 INFO  : Context for processor 'ps7_cortexa9_0' is selected.
14:11:09 INFO  : The application '/thayerfs/home/f005cpz/workspace/module6/module6_sw/Debug/module6_sw.elf' is downloaded to processor 'ps7_cortexa9_0'.
14:11:09 INFO  : 'configparams force-mem-access 0' command is executed.
14:11:09 INFO  : ----------------XSDB Script----------------
connect -url tcp:127.0.0.1:3121
targets -set -nocase -filter {name =~"APU*"}
rst -system
after 3000
targets -set -filter {jtag_cable_name =~ "Digilent Zybo Z7 210351B7A99BA" && level==0 && jtag_device_ctx=="jsn-Zybo Z7-210351B7A99BA-13722093-0"}
fpga -file /thayerfs/home/f005cpz/workspace/module6/module6_sw/_ide/bitstream/module6_hw_wrapper.bit
targets -set -nocase -filter {name =~"APU*"}
loadhw -hw /thayerfs/home/f005cpz/workspace/module6/module6_hw_wrapper/export/module6_hw_wrapper/hw/module6_hw_wrapper.xsa -mem-ranges [list {0x40000000 0xbfffffff}] -regs
configparams force-mem-access 1
targets -set -nocase -filter {name =~"APU*"}
source /thayerfs/home/f005cpz/workspace/module6/module6_sw/_ide/psinit/ps7_init.tcl
ps7_init
ps7_post_config
targets -set -nocase -filter {name =~ "*A9*#0"}
dow /thayerfs/home/f005cpz/workspace/module6/module6_sw/Debug/module6_sw.elf
configparams force-mem-access 0
----------------End of Script----------------

14:11:09 INFO  : Context for processor 'ps7_cortexa9_0' is selected.
14:11:09 INFO  : 'con' command is executed.
14:11:09 INFO  : ----------------XSDB Script (After Launch)----------------
targets -set -nocase -filter {name =~ "*A9*#0"}
con
----------------End of Script----------------

14:11:09 INFO  : Launch script is exported to file '/thayerfs/home/f005cpz/workspace/module6/module6_sw_system/_ide/scripts/systemdebugger_module6_sw_system_standalone.tcl'
14:18:29 INFO  : Checking for BSP changes to sync application flags for project 'module6_sw'...
14:18:34 ERROR : (XSDB Server)ERROR: [Hsi 55-1571] The design file /thayerfs/home/f005cpz/workspace/module6/module6_hw_wrapper/export/module6_hw_wrapper/hw/module6_hw_wrapper.xsa is already opened

14:18:46 INFO  : Disconnected from the channel tcfchan#3.
14:18:46 INFO  : Connected to target on host '127.0.0.1' and port '3121'.
14:18:46 INFO  : Jtag cable 'Digilent Zybo Z7 210351B7A99BA' is selected.
14:18:46 INFO  : 'jtag frequency' command is executed.
14:18:46 INFO  : Context for 'APU' is selected.
14:18:46 INFO  : System reset is completed.
14:18:49 INFO  : 'after 3000' command is executed.
14:18:50 INFO  : 'targets -set -filter {jtag_cable_name =~ "Digilent Zybo Z7 210351B7A99BA" && level==0 && jtag_device_ctx=="jsn-Zybo Z7-210351B7A99BA-13722093-0"}' command is executed.
14:18:51 INFO  : Device configured successfully with "/thayerfs/home/f005cpz/workspace/module6/module6_sw/_ide/bitstream/module6_hw_wrapper.bit"
14:18:51 INFO  : Context for 'APU' is selected.
14:18:53 INFO  : Hardware design and registers information is loaded from '/thayerfs/home/f005cpz/workspace/module6/module6_hw_wrapper/export/module6_hw_wrapper/hw/module6_hw_wrapper.xsa'.
14:18:53 INFO  : 'configparams force-mem-access 1' command is executed.
14:18:53 INFO  : Context for 'APU' is selected.
14:18:53 INFO  : Sourcing of '/thayerfs/home/f005cpz/workspace/module6/module6_sw/_ide/psinit/ps7_init.tcl' is done.
14:18:53 INFO  : 'ps7_init' command is executed.
14:18:53 INFO  : 'ps7_post_config' command is executed.
14:18:53 INFO  : Context for processor 'ps7_cortexa9_0' is selected.
14:18:53 INFO  : The application '/thayerfs/home/f005cpz/workspace/module6/module6_sw/Debug/module6_sw.elf' is downloaded to processor 'ps7_cortexa9_0'.
14:18:53 INFO  : 'configparams force-mem-access 0' command is executed.
14:18:53 INFO  : ----------------XSDB Script----------------
connect -url tcp:127.0.0.1:3121
targets -set -nocase -filter {name =~"APU*"}
rst -system
after 3000
targets -set -filter {jtag_cable_name =~ "Digilent Zybo Z7 210351B7A99BA" && level==0 && jtag_device_ctx=="jsn-Zybo Z7-210351B7A99BA-13722093-0"}
fpga -file /thayerfs/home/f005cpz/workspace/module6/module6_sw/_ide/bitstream/module6_hw_wrapper.bit
targets -set -nocase -filter {name =~"APU*"}
loadhw -hw /thayerfs/home/f005cpz/workspace/module6/module6_hw_wrapper/export/module6_hw_wrapper/hw/module6_hw_wrapper.xsa -mem-ranges [list {0x40000000 0xbfffffff}] -regs
configparams force-mem-access 1
targets -set -nocase -filter {name =~"APU*"}
source /thayerfs/home/f005cpz/workspace/module6/module6_sw/_ide/psinit/ps7_init.tcl
ps7_init
ps7_post_config
targets -set -nocase -filter {name =~ "*A9*#0"}
dow /thayerfs/home/f005cpz/workspace/module6/module6_sw/Debug/module6_sw.elf
configparams force-mem-access 0
----------------End of Script----------------

14:18:53 INFO  : Context for processor 'ps7_cortexa9_0' is selected.
14:18:53 INFO  : 'con' command is executed.
14:18:53 INFO  : ----------------XSDB Script (After Launch)----------------
targets -set -nocase -filter {name =~ "*A9*#0"}
con
----------------End of Script----------------

14:18:53 INFO  : Launch script is exported to file '/thayerfs/home/f005cpz/workspace/module6/module6_sw_system/_ide/scripts/systemdebugger_module6_sw_system_standalone.tcl'
14:25:26 INFO  : Disconnected from the channel tcfchan#5.
14:25:26 INFO  : Connected to target on host '127.0.0.1' and port '3121'.
14:25:26 INFO  : Jtag cable 'Digilent Zybo Z7 210351B7A99BA' is selected.
14:25:26 INFO  : 'jtag frequency' command is executed.
14:25:26 INFO  : Context for 'APU' is selected.
14:25:26 INFO  : System reset is completed.
14:25:29 INFO  : 'after 3000' command is executed.
14:25:29 INFO  : 'targets -set -filter {jtag_cable_name =~ "Digilent Zybo Z7 210351B7A99BA" && level==0 && jtag_device_ctx=="jsn-Zybo Z7-210351B7A99BA-13722093-0"}' command is executed.
14:25:30 INFO  : Device configured successfully with "/thayerfs/home/f005cpz/workspace/module6/module6_sw/_ide/bitstream/module6_hw_wrapper.bit"
14:25:30 INFO  : Context for 'APU' is selected.
14:25:32 INFO  : Hardware design and registers information is loaded from '/thayerfs/home/f005cpz/workspace/module6/module6_hw_wrapper/export/module6_hw_wrapper/hw/module6_hw_wrapper.xsa'.
14:25:32 INFO  : 'configparams force-mem-access 1' command is executed.
14:25:32 INFO  : Context for 'APU' is selected.
14:25:32 INFO  : Sourcing of '/thayerfs/home/f005cpz/workspace/module6/module6_sw/_ide/psinit/ps7_init.tcl' is done.
14:25:33 INFO  : 'ps7_init' command is executed.
14:25:33 INFO  : 'ps7_post_config' command is executed.
14:25:33 INFO  : Context for processor 'ps7_cortexa9_0' is selected.
14:25:33 INFO  : The application '/thayerfs/home/f005cpz/workspace/module6/module6_sw/Debug/module6_sw.elf' is downloaded to processor 'ps7_cortexa9_0'.
14:25:33 INFO  : 'configparams force-mem-access 0' command is executed.
14:25:33 INFO  : ----------------XSDB Script----------------
connect -url tcp:127.0.0.1:3121
targets -set -nocase -filter {name =~"APU*"}
rst -system
after 3000
targets -set -filter {jtag_cable_name =~ "Digilent Zybo Z7 210351B7A99BA" && level==0 && jtag_device_ctx=="jsn-Zybo Z7-210351B7A99BA-13722093-0"}
fpga -file /thayerfs/home/f005cpz/workspace/module6/module6_sw/_ide/bitstream/module6_hw_wrapper.bit
targets -set -nocase -filter {name =~"APU*"}
loadhw -hw /thayerfs/home/f005cpz/workspace/module6/module6_hw_wrapper/export/module6_hw_wrapper/hw/module6_hw_wrapper.xsa -mem-ranges [list {0x40000000 0xbfffffff}] -regs
configparams force-mem-access 1
targets -set -nocase -filter {name =~"APU*"}
source /thayerfs/home/f005cpz/workspace/module6/module6_sw/_ide/psinit/ps7_init.tcl
ps7_init
ps7_post_config
targets -set -nocase -filter {name =~ "*A9*#0"}
dow /thayerfs/home/f005cpz/workspace/module6/module6_sw/Debug/module6_sw.elf
configparams force-mem-access 0
----------------End of Script----------------

14:25:33 INFO  : Context for processor 'ps7_cortexa9_0' is selected.
14:25:33 INFO  : 'con' command is executed.
14:25:33 INFO  : ----------------XSDB Script (After Launch)----------------
targets -set -nocase -filter {name =~ "*A9*#0"}
con
----------------End of Script----------------

14:25:33 INFO  : Launch script is exported to file '/thayerfs/home/f005cpz/workspace/module6/module6_sw_system/_ide/scripts/systemdebugger_module6_sw_system_standalone.tcl'
14:57:34 INFO  : Disconnected from the channel tcfchan#6.
14:57:34 INFO  : Connected to target on host '127.0.0.1' and port '3121'.
14:57:34 INFO  : Jtag cable 'Digilent Zybo Z7 210351B7A99BA' is selected.
14:57:34 INFO  : 'jtag frequency' command is executed.
14:57:34 INFO  : Context for 'APU' is selected.
14:57:34 INFO  : System reset is completed.
14:57:37 INFO  : 'after 3000' command is executed.
14:57:37 INFO  : 'targets -set -filter {jtag_cable_name =~ "Digilent Zybo Z7 210351B7A99BA" && level==0 && jtag_device_ctx=="jsn-Zybo Z7-210351B7A99BA-13722093-0"}' command is executed.
14:57:38 INFO  : Device configured successfully with "/thayerfs/home/f005cpz/workspace/module6/module6_sw/_ide/bitstream/module6_hw_wrapper.bit"
14:57:39 INFO  : Context for 'APU' is selected.
14:57:41 INFO  : Hardware design and registers information is loaded from '/thayerfs/home/f005cpz/workspace/module6/module6_hw_wrapper/export/module6_hw_wrapper/hw/module6_hw_wrapper.xsa'.
14:57:41 INFO  : 'configparams force-mem-access 1' command is executed.
14:57:41 INFO  : Context for 'APU' is selected.
14:57:41 INFO  : Sourcing of '/thayerfs/home/f005cpz/workspace/module6/module6_sw/_ide/psinit/ps7_init.tcl' is done.
14:57:41 INFO  : 'ps7_init' command is executed.
14:57:41 INFO  : 'ps7_post_config' command is executed.
14:57:41 INFO  : Context for processor 'ps7_cortexa9_0' is selected.
14:57:41 INFO  : The application '/thayerfs/home/f005cpz/workspace/module6/module6_sw/Debug/module6_sw.elf' is downloaded to processor 'ps7_cortexa9_0'.
14:57:41 INFO  : 'configparams force-mem-access 0' command is executed.
14:57:41 INFO  : ----------------XSDB Script----------------
connect -url tcp:127.0.0.1:3121
targets -set -nocase -filter {name =~"APU*"}
rst -system
after 3000
targets -set -filter {jtag_cable_name =~ "Digilent Zybo Z7 210351B7A99BA" && level==0 && jtag_device_ctx=="jsn-Zybo Z7-210351B7A99BA-13722093-0"}
fpga -file /thayerfs/home/f005cpz/workspace/module6/module6_sw/_ide/bitstream/module6_hw_wrapper.bit
targets -set -nocase -filter {name =~"APU*"}
loadhw -hw /thayerfs/home/f005cpz/workspace/module6/module6_hw_wrapper/export/module6_hw_wrapper/hw/module6_hw_wrapper.xsa -mem-ranges [list {0x40000000 0xbfffffff}] -regs
configparams force-mem-access 1
targets -set -nocase -filter {name =~"APU*"}
source /thayerfs/home/f005cpz/workspace/module6/module6_sw/_ide/psinit/ps7_init.tcl
ps7_init
ps7_post_config
targets -set -nocase -filter {name =~ "*A9*#0"}
dow /thayerfs/home/f005cpz/workspace/module6/module6_sw/Debug/module6_sw.elf
configparams force-mem-access 0
----------------End of Script----------------

14:57:41 INFO  : Context for processor 'ps7_cortexa9_0' is selected.
14:57:41 INFO  : 'con' command is executed.
14:57:41 INFO  : ----------------XSDB Script (After Launch)----------------
targets -set -nocase -filter {name =~ "*A9*#0"}
con
----------------End of Script----------------

14:57:41 INFO  : Launch script is exported to file '/thayerfs/home/f005cpz/workspace/module6/module6_sw_system/_ide/scripts/systemdebugger_module6_sw_system_standalone.tcl'
14:57:58 INFO  : Checking for BSP changes to sync application flags for project 'module6_sw'...
14:59:35 INFO  : Checking for BSP changes to sync application flags for project 'module6_sw'...
15:00:34 INFO  : Checking for BSP changes to sync application flags for project 'module6_sw'...
15:01:39 INFO  : Checking for BSP changes to sync application flags for project 'module6_sw'...
15:01:44 ERROR : (XSDB Server)ERROR: [Hsi 55-1571] The design file /thayerfs/home/f005cpz/workspace/module6/module6_hw_wrapper/export/module6_hw_wrapper/hw/module6_hw_wrapper.xsa is already opened

15:01:57 INFO  : Disconnected from the channel tcfchan#7.
15:01:57 INFO  : Connected to target on host '127.0.0.1' and port '3121'.
15:01:57 INFO  : Jtag cable 'Digilent Zybo Z7 210351B7A99BA' is selected.
15:01:57 INFO  : 'jtag frequency' command is executed.
15:01:57 INFO  : Context for 'APU' is selected.
15:01:57 INFO  : System reset is completed.
15:02:00 INFO  : 'after 3000' command is executed.
15:02:00 INFO  : 'targets -set -filter {jtag_cable_name =~ "Digilent Zybo Z7 210351B7A99BA" && level==0 && jtag_device_ctx=="jsn-Zybo Z7-210351B7A99BA-13722093-0"}' command is executed.
15:02:01 INFO  : Device configured successfully with "/thayerfs/home/f005cpz/workspace/module6/module6_sw/_ide/bitstream/module6_hw_wrapper.bit"
15:02:01 INFO  : Context for 'APU' is selected.
15:02:03 INFO  : Hardware design and registers information is loaded from '/thayerfs/home/f005cpz/workspace/module6/module6_hw_wrapper/export/module6_hw_wrapper/hw/module6_hw_wrapper.xsa'.
15:02:03 INFO  : 'configparams force-mem-access 1' command is executed.
15:02:03 INFO  : Context for 'APU' is selected.
15:02:03 INFO  : Sourcing of '/thayerfs/home/f005cpz/workspace/module6/module6_sw/_ide/psinit/ps7_init.tcl' is done.
15:02:04 INFO  : 'ps7_init' command is executed.
15:02:04 INFO  : 'ps7_post_config' command is executed.
15:02:04 INFO  : Context for processor 'ps7_cortexa9_0' is selected.
15:02:04 INFO  : The application '/thayerfs/home/f005cpz/workspace/module6/module6_sw/Debug/module6_sw.elf' is downloaded to processor 'ps7_cortexa9_0'.
15:02:04 INFO  : 'configparams force-mem-access 0' command is executed.
15:02:04 INFO  : ----------------XSDB Script----------------
connect -url tcp:127.0.0.1:3121
targets -set -nocase -filter {name =~"APU*"}
rst -system
after 3000
targets -set -filter {jtag_cable_name =~ "Digilent Zybo Z7 210351B7A99BA" && level==0 && jtag_device_ctx=="jsn-Zybo Z7-210351B7A99BA-13722093-0"}
fpga -file /thayerfs/home/f005cpz/workspace/module6/module6_sw/_ide/bitstream/module6_hw_wrapper.bit
targets -set -nocase -filter {name =~"APU*"}
loadhw -hw /thayerfs/home/f005cpz/workspace/module6/module6_hw_wrapper/export/module6_hw_wrapper/hw/module6_hw_wrapper.xsa -mem-ranges [list {0x40000000 0xbfffffff}] -regs
configparams force-mem-access 1
targets -set -nocase -filter {name =~"APU*"}
source /thayerfs/home/f005cpz/workspace/module6/module6_sw/_ide/psinit/ps7_init.tcl
ps7_init
ps7_post_config
targets -set -nocase -filter {name =~ "*A9*#0"}
dow /thayerfs/home/f005cpz/workspace/module6/module6_sw/Debug/module6_sw.elf
configparams force-mem-access 0
----------------End of Script----------------

15:02:04 INFO  : Context for processor 'ps7_cortexa9_0' is selected.
15:02:04 INFO  : 'con' command is executed.
15:02:04 INFO  : ----------------XSDB Script (After Launch)----------------
targets -set -nocase -filter {name =~ "*A9*#0"}
con
----------------End of Script----------------

15:02:04 INFO  : Launch script is exported to file '/thayerfs/home/f005cpz/workspace/module6/module6_sw_system/_ide/scripts/systemdebugger_module6_sw_system_standalone.tcl'
15:13:56 INFO  : Checking for BSP changes to sync application flags for project 'module6_sw'...
15:14:55 INFO  : Checking for BSP changes to sync application flags for project 'module6_sw'...
15:15:02 ERROR : (XSDB Server)ERROR: [Hsi 55-1571] The design file /thayerfs/home/f005cpz/workspace/module6/module6_hw_wrapper/export/module6_hw_wrapper/hw/module6_hw_wrapper.xsa is already opened

15:15:15 INFO  : Disconnected from the channel tcfchan#9.
15:15:15 INFO  : Connected to target on host '127.0.0.1' and port '3121'.
15:15:16 INFO  : Jtag cable 'Digilent Zybo Z7 210351B7A99BA' is selected.
15:15:16 INFO  : 'jtag frequency' command is executed.
15:15:16 INFO  : Context for 'APU' is selected.
15:15:16 INFO  : System reset is completed.
15:15:19 INFO  : 'after 3000' command is executed.
15:15:19 INFO  : 'targets -set -filter {jtag_cable_name =~ "Digilent Zybo Z7 210351B7A99BA" && level==0 && jtag_device_ctx=="jsn-Zybo Z7-210351B7A99BA-13722093-0"}' command is executed.
15:15:20 INFO  : Device configured successfully with "/thayerfs/home/f005cpz/workspace/module6/module6_sw/_ide/bitstream/module6_hw_wrapper.bit"
15:15:20 INFO  : Context for 'APU' is selected.
15:15:22 INFO  : Hardware design and registers information is loaded from '/thayerfs/home/f005cpz/workspace/module6/module6_hw_wrapper/export/module6_hw_wrapper/hw/module6_hw_wrapper.xsa'.
15:15:22 INFO  : 'configparams force-mem-access 1' command is executed.
15:15:22 INFO  : Context for 'APU' is selected.
15:15:22 INFO  : Sourcing of '/thayerfs/home/f005cpz/workspace/module6/module6_sw/_ide/psinit/ps7_init.tcl' is done.
15:15:23 INFO  : 'ps7_init' command is executed.
15:15:23 INFO  : 'ps7_post_config' command is executed.
15:15:23 INFO  : Context for processor 'ps7_cortexa9_0' is selected.
15:15:23 INFO  : The application '/thayerfs/home/f005cpz/workspace/module6/module6_sw/Debug/module6_sw.elf' is downloaded to processor 'ps7_cortexa9_0'.
15:15:23 INFO  : 'configparams force-mem-access 0' command is executed.
15:15:23 INFO  : ----------------XSDB Script----------------
connect -url tcp:127.0.0.1:3121
targets -set -nocase -filter {name =~"APU*"}
rst -system
after 3000
targets -set -filter {jtag_cable_name =~ "Digilent Zybo Z7 210351B7A99BA" && level==0 && jtag_device_ctx=="jsn-Zybo Z7-210351B7A99BA-13722093-0"}
fpga -file /thayerfs/home/f005cpz/workspace/module6/module6_sw/_ide/bitstream/module6_hw_wrapper.bit
targets -set -nocase -filter {name =~"APU*"}
loadhw -hw /thayerfs/home/f005cpz/workspace/module6/module6_hw_wrapper/export/module6_hw_wrapper/hw/module6_hw_wrapper.xsa -mem-ranges [list {0x40000000 0xbfffffff}] -regs
configparams force-mem-access 1
targets -set -nocase -filter {name =~"APU*"}
source /thayerfs/home/f005cpz/workspace/module6/module6_sw/_ide/psinit/ps7_init.tcl
ps7_init
ps7_post_config
targets -set -nocase -filter {name =~ "*A9*#0"}
dow /thayerfs/home/f005cpz/workspace/module6/module6_sw/Debug/module6_sw.elf
configparams force-mem-access 0
----------------End of Script----------------

15:15:23 INFO  : Context for processor 'ps7_cortexa9_0' is selected.
15:15:23 INFO  : 'con' command is executed.
15:15:23 INFO  : ----------------XSDB Script (After Launch)----------------
targets -set -nocase -filter {name =~ "*A9*#0"}
con
----------------End of Script----------------

15:15:23 INFO  : Launch script is exported to file '/thayerfs/home/f005cpz/workspace/module6/module6_sw_system/_ide/scripts/systemdebugger_module6_sw_system_standalone.tcl'
15:24:15 INFO  : Checking for BSP changes to sync application flags for project 'module6_sw'...
15:24:23 ERROR : (XSDB Server)ERROR: [Hsi 55-1571] The design file /thayerfs/home/f005cpz/workspace/module6/module6_hw_wrapper/export/module6_hw_wrapper/hw/module6_hw_wrapper.xsa is already opened

15:25:26 INFO  : Checking for BSP changes to sync application flags for project 'module6_sw'...
15:25:36 ERROR : (XSDB Server)ERROR: [Hsi 55-1571] The design file /thayerfs/home/f005cpz/workspace/module6/module6_hw_wrapper/export/module6_hw_wrapper/hw/module6_hw_wrapper.xsa is already opened

15:25:51 INFO  : Disconnected from the channel tcfchan#11.
15:25:51 INFO  : Connected to target on host '127.0.0.1' and port '3121'.
15:25:52 INFO  : Jtag cable 'Digilent Zybo Z7 210351B7A99BA' is selected.
15:25:52 INFO  : 'jtag frequency' command is executed.
15:25:52 INFO  : Context for 'APU' is selected.
15:25:52 INFO  : System reset is completed.
15:25:55 INFO  : 'after 3000' command is executed.
15:25:55 INFO  : 'targets -set -filter {jtag_cable_name =~ "Digilent Zybo Z7 210351B7A99BA" && level==0 && jtag_device_ctx=="jsn-Zybo Z7-210351B7A99BA-13722093-0"}' command is executed.
15:25:56 INFO  : Device configured successfully with "/thayerfs/home/f005cpz/workspace/module6/module6_sw/_ide/bitstream/module6_hw_wrapper.bit"
15:25:56 INFO  : Context for 'APU' is selected.
15:25:58 INFO  : Hardware design and registers information is loaded from '/thayerfs/home/f005cpz/workspace/module6/module6_hw_wrapper/export/module6_hw_wrapper/hw/module6_hw_wrapper.xsa'.
15:25:58 INFO  : 'configparams force-mem-access 1' command is executed.
15:25:58 INFO  : Context for 'APU' is selected.
15:25:58 INFO  : Sourcing of '/thayerfs/home/f005cpz/workspace/module6/module6_sw/_ide/psinit/ps7_init.tcl' is done.
15:25:59 INFO  : 'ps7_init' command is executed.
15:25:59 INFO  : 'ps7_post_config' command is executed.
15:25:59 INFO  : Context for processor 'ps7_cortexa9_0' is selected.
15:25:59 INFO  : The application '/thayerfs/home/f005cpz/workspace/module6/module6_sw/Debug/module6_sw.elf' is downloaded to processor 'ps7_cortexa9_0'.
15:25:59 INFO  : 'configparams force-mem-access 0' command is executed.
15:25:59 INFO  : ----------------XSDB Script----------------
connect -url tcp:127.0.0.1:3121
targets -set -nocase -filter {name =~"APU*"}
rst -system
after 3000
targets -set -filter {jtag_cable_name =~ "Digilent Zybo Z7 210351B7A99BA" && level==0 && jtag_device_ctx=="jsn-Zybo Z7-210351B7A99BA-13722093-0"}
fpga -file /thayerfs/home/f005cpz/workspace/module6/module6_sw/_ide/bitstream/module6_hw_wrapper.bit
targets -set -nocase -filter {name =~"APU*"}
loadhw -hw /thayerfs/home/f005cpz/workspace/module6/module6_hw_wrapper/export/module6_hw_wrapper/hw/module6_hw_wrapper.xsa -mem-ranges [list {0x40000000 0xbfffffff}] -regs
configparams force-mem-access 1
targets -set -nocase -filter {name =~"APU*"}
source /thayerfs/home/f005cpz/workspace/module6/module6_sw/_ide/psinit/ps7_init.tcl
ps7_init
ps7_post_config
targets -set -nocase -filter {name =~ "*A9*#0"}
dow /thayerfs/home/f005cpz/workspace/module6/module6_sw/Debug/module6_sw.elf
configparams force-mem-access 0
----------------End of Script----------------

15:25:59 INFO  : Context for processor 'ps7_cortexa9_0' is selected.
15:25:59 INFO  : 'con' command is executed.
15:25:59 INFO  : ----------------XSDB Script (After Launch)----------------
targets -set -nocase -filter {name =~ "*A9*#0"}
con
----------------End of Script----------------

15:25:59 INFO  : Launch script is exported to file '/thayerfs/home/f005cpz/workspace/module6/module6_sw_system/_ide/scripts/systemdebugger_module6_sw_system_standalone.tcl'
15:26:55 INFO  : Checking for BSP changes to sync application flags for project 'module6_sw'...
15:27:10 INFO  : Checking for BSP changes to sync application flags for project 'module6_sw'...
15:27:16 ERROR : (XSDB Server)ERROR: [Hsi 55-1571] The design file /thayerfs/home/f005cpz/workspace/module6/module6_hw_wrapper/export/module6_hw_wrapper/hw/module6_hw_wrapper.xsa is already opened

15:27:27 INFO  : Disconnected from the channel tcfchan#14.
15:27:27 INFO  : Connected to target on host '127.0.0.1' and port '3121'.
15:27:27 INFO  : Jtag cable 'Digilent Zybo Z7 210351B7A99BA' is selected.
15:27:27 INFO  : 'jtag frequency' command is executed.
15:27:27 INFO  : Context for 'APU' is selected.
15:27:27 INFO  : System reset is completed.
15:27:30 INFO  : 'after 3000' command is executed.
15:27:31 INFO  : 'targets -set -filter {jtag_cable_name =~ "Digilent Zybo Z7 210351B7A99BA" && level==0 && jtag_device_ctx=="jsn-Zybo Z7-210351B7A99BA-13722093-0"}' command is executed.
15:27:32 INFO  : Device configured successfully with "/thayerfs/home/f005cpz/workspace/module6/module6_sw/_ide/bitstream/module6_hw_wrapper.bit"
15:27:32 INFO  : Context for 'APU' is selected.
15:27:34 INFO  : Hardware design and registers information is loaded from '/thayerfs/home/f005cpz/workspace/module6/module6_hw_wrapper/export/module6_hw_wrapper/hw/module6_hw_wrapper.xsa'.
15:27:34 INFO  : 'configparams force-mem-access 1' command is executed.
15:27:34 INFO  : Context for 'APU' is selected.
15:27:34 INFO  : Sourcing of '/thayerfs/home/f005cpz/workspace/module6/module6_sw/_ide/psinit/ps7_init.tcl' is done.
15:27:34 INFO  : 'ps7_init' command is executed.
15:27:34 INFO  : 'ps7_post_config' command is executed.
15:27:34 INFO  : Context for processor 'ps7_cortexa9_0' is selected.
15:27:34 INFO  : The application '/thayerfs/home/f005cpz/workspace/module6/module6_sw/Debug/module6_sw.elf' is downloaded to processor 'ps7_cortexa9_0'.
15:27:34 INFO  : 'configparams force-mem-access 0' command is executed.
15:27:34 INFO  : ----------------XSDB Script----------------
connect -url tcp:127.0.0.1:3121
targets -set -nocase -filter {name =~"APU*"}
rst -system
after 3000
targets -set -filter {jtag_cable_name =~ "Digilent Zybo Z7 210351B7A99BA" && level==0 && jtag_device_ctx=="jsn-Zybo Z7-210351B7A99BA-13722093-0"}
fpga -file /thayerfs/home/f005cpz/workspace/module6/module6_sw/_ide/bitstream/module6_hw_wrapper.bit
targets -set -nocase -filter {name =~"APU*"}
loadhw -hw /thayerfs/home/f005cpz/workspace/module6/module6_hw_wrapper/export/module6_hw_wrapper/hw/module6_hw_wrapper.xsa -mem-ranges [list {0x40000000 0xbfffffff}] -regs
configparams force-mem-access 1
targets -set -nocase -filter {name =~"APU*"}
source /thayerfs/home/f005cpz/workspace/module6/module6_sw/_ide/psinit/ps7_init.tcl
ps7_init
ps7_post_config
targets -set -nocase -filter {name =~ "*A9*#0"}
dow /thayerfs/home/f005cpz/workspace/module6/module6_sw/Debug/module6_sw.elf
configparams force-mem-access 0
----------------End of Script----------------

15:27:34 INFO  : Context for processor 'ps7_cortexa9_0' is selected.
15:27:34 INFO  : 'con' command is executed.
15:27:34 INFO  : ----------------XSDB Script (After Launch)----------------
targets -set -nocase -filter {name =~ "*A9*#0"}
con
----------------End of Script----------------

15:27:34 INFO  : Launch script is exported to file '/thayerfs/home/f005cpz/workspace/module6/module6_sw_system/_ide/scripts/systemdebugger_module6_sw_system_standalone.tcl'
15:32:03 INFO  : Disconnected from the channel tcfchan#16.
15:32:03 INFO  : Connected to target on host '127.0.0.1' and port '3121'.
15:32:03 INFO  : Jtag cable 'Digilent Zybo Z7 210351B7A99BA' is selected.
15:32:03 INFO  : 'jtag frequency' command is executed.
15:32:03 INFO  : Context for 'APU' is selected.
15:32:03 INFO  : System reset is completed.
15:32:06 INFO  : 'after 3000' command is executed.
15:32:06 INFO  : 'targets -set -filter {jtag_cable_name =~ "Digilent Zybo Z7 210351B7A99BA" && level==0 && jtag_device_ctx=="jsn-Zybo Z7-210351B7A99BA-13722093-0"}' command is executed.
15:32:07 INFO  : Device configured successfully with "/thayerfs/home/f005cpz/workspace/module6/module6_sw/_ide/bitstream/module6_hw_wrapper.bit"
15:32:07 INFO  : Context for 'APU' is selected.
15:32:09 INFO  : Hardware design and registers information is loaded from '/thayerfs/home/f005cpz/workspace/module6/module6_hw_wrapper/export/module6_hw_wrapper/hw/module6_hw_wrapper.xsa'.
15:32:09 INFO  : 'configparams force-mem-access 1' command is executed.
15:32:09 INFO  : Context for 'APU' is selected.
15:32:09 INFO  : Sourcing of '/thayerfs/home/f005cpz/workspace/module6/module6_sw/_ide/psinit/ps7_init.tcl' is done.
15:32:09 INFO  : 'ps7_init' command is executed.
15:32:09 INFO  : 'ps7_post_config' command is executed.
15:32:09 INFO  : Context for processor 'ps7_cortexa9_0' is selected.
15:32:10 INFO  : The application '/thayerfs/home/f005cpz/workspace/module6/module6_sw/Debug/module6_sw.elf' is downloaded to processor 'ps7_cortexa9_0'.
15:32:10 INFO  : 'configparams force-mem-access 0' command is executed.
15:32:10 INFO  : ----------------XSDB Script----------------
connect -url tcp:127.0.0.1:3121
targets -set -nocase -filter {name =~"APU*"}
rst -system
after 3000
targets -set -filter {jtag_cable_name =~ "Digilent Zybo Z7 210351B7A99BA" && level==0 && jtag_device_ctx=="jsn-Zybo Z7-210351B7A99BA-13722093-0"}
fpga -file /thayerfs/home/f005cpz/workspace/module6/module6_sw/_ide/bitstream/module6_hw_wrapper.bit
targets -set -nocase -filter {name =~"APU*"}
loadhw -hw /thayerfs/home/f005cpz/workspace/module6/module6_hw_wrapper/export/module6_hw_wrapper/hw/module6_hw_wrapper.xsa -mem-ranges [list {0x40000000 0xbfffffff}] -regs
configparams force-mem-access 1
targets -set -nocase -filter {name =~"APU*"}
source /thayerfs/home/f005cpz/workspace/module6/module6_sw/_ide/psinit/ps7_init.tcl
ps7_init
ps7_post_config
targets -set -nocase -filter {name =~ "*A9*#0"}
dow /thayerfs/home/f005cpz/workspace/module6/module6_sw/Debug/module6_sw.elf
configparams force-mem-access 0
----------------End of Script----------------

15:32:10 INFO  : Context for processor 'ps7_cortexa9_0' is selected.
15:32:10 INFO  : 'con' command is executed.
15:32:10 INFO  : ----------------XSDB Script (After Launch)----------------
targets -set -nocase -filter {name =~ "*A9*#0"}
con
----------------End of Script----------------

15:32:10 INFO  : Launch script is exported to file '/thayerfs/home/f005cpz/workspace/module6/module6_sw_system/_ide/scripts/systemdebugger_module6_sw_system_standalone.tcl'
15:34:36 INFO  : Disconnected from the channel tcfchan#17.
15:34:36 INFO  : Connected to target on host '127.0.0.1' and port '3121'.
15:34:36 INFO  : Jtag cable 'Digilent Zybo Z7 210351B7A99BA' is selected.
15:34:36 INFO  : 'jtag frequency' command is executed.
15:34:36 INFO  : Context for 'APU' is selected.
15:34:36 INFO  : System reset is completed.
15:34:39 INFO  : 'after 3000' command is executed.
15:34:40 INFO  : 'targets -set -filter {jtag_cable_name =~ "Digilent Zybo Z7 210351B7A99BA" && level==0 && jtag_device_ctx=="jsn-Zybo Z7-210351B7A99BA-13722093-0"}' command is executed.
15:34:41 INFO  : Device configured successfully with "/thayerfs/home/f005cpz/workspace/module6/module6_sw/_ide/bitstream/module6_hw_wrapper.bit"
15:34:41 INFO  : Context for 'APU' is selected.
15:34:43 INFO  : Hardware design and registers information is loaded from '/thayerfs/home/f005cpz/workspace/module6/module6_hw_wrapper/export/module6_hw_wrapper/hw/module6_hw_wrapper.xsa'.
15:34:43 INFO  : 'configparams force-mem-access 1' command is executed.
15:34:43 INFO  : Context for 'APU' is selected.
15:34:43 INFO  : Sourcing of '/thayerfs/home/f005cpz/workspace/module6/module6_sw/_ide/psinit/ps7_init.tcl' is done.
15:34:43 INFO  : 'ps7_init' command is executed.
15:34:43 INFO  : 'ps7_post_config' command is executed.
15:34:43 INFO  : Context for processor 'ps7_cortexa9_0' is selected.
15:34:43 INFO  : The application '/thayerfs/home/f005cpz/workspace/module6/module6_sw/Debug/module6_sw.elf' is downloaded to processor 'ps7_cortexa9_0'.
15:34:43 INFO  : 'configparams force-mem-access 0' command is executed.
15:34:43 INFO  : ----------------XSDB Script----------------
connect -url tcp:127.0.0.1:3121
targets -set -nocase -filter {name =~"APU*"}
rst -system
after 3000
targets -set -filter {jtag_cable_name =~ "Digilent Zybo Z7 210351B7A99BA" && level==0 && jtag_device_ctx=="jsn-Zybo Z7-210351B7A99BA-13722093-0"}
fpga -file /thayerfs/home/f005cpz/workspace/module6/module6_sw/_ide/bitstream/module6_hw_wrapper.bit
targets -set -nocase -filter {name =~"APU*"}
loadhw -hw /thayerfs/home/f005cpz/workspace/module6/module6_hw_wrapper/export/module6_hw_wrapper/hw/module6_hw_wrapper.xsa -mem-ranges [list {0x40000000 0xbfffffff}] -regs
configparams force-mem-access 1
targets -set -nocase -filter {name =~"APU*"}
source /thayerfs/home/f005cpz/workspace/module6/module6_sw/_ide/psinit/ps7_init.tcl
ps7_init
ps7_post_config
targets -set -nocase -filter {name =~ "*A9*#0"}
dow /thayerfs/home/f005cpz/workspace/module6/module6_sw/Debug/module6_sw.elf
configparams force-mem-access 0
----------------End of Script----------------

15:34:43 INFO  : Context for processor 'ps7_cortexa9_0' is selected.
15:34:43 INFO  : 'con' command is executed.
15:34:43 INFO  : ----------------XSDB Script (After Launch)----------------
targets -set -nocase -filter {name =~ "*A9*#0"}
con
----------------End of Script----------------

15:34:43 INFO  : Launch script is exported to file '/thayerfs/home/f005cpz/workspace/module6/module6_sw_system/_ide/scripts/systemdebugger_module6_sw_system_standalone.tcl'
15:34:47 INFO  : Checking for BSP changes to sync application flags for project 'module6_sw'...
15:36:50 INFO  : Checking for BSP changes to sync application flags for project 'module6_sw'...
15:37:23 INFO  : Checking for BSP changes to sync application flags for project 'module6_sw'...
15:37:37 INFO  : Disconnected from the channel tcfchan#18.
15:37:37 INFO  : Connected to target on host '127.0.0.1' and port '3121'.
15:37:37 INFO  : Jtag cable 'Digilent Zybo Z7 210351B7A99BA' is selected.
15:37:37 INFO  : 'jtag frequency' command is executed.
15:37:37 INFO  : Context for 'APU' is selected.
15:37:38 INFO  : System reset is completed.
15:37:41 INFO  : 'after 3000' command is executed.
15:37:41 INFO  : 'targets -set -filter {jtag_cable_name =~ "Digilent Zybo Z7 210351B7A99BA" && level==0 && jtag_device_ctx=="jsn-Zybo Z7-210351B7A99BA-13722093-0"}' command is executed.
15:37:42 INFO  : Device configured successfully with "/thayerfs/home/f005cpz/workspace/module6/module6_sw/_ide/bitstream/module6_hw_wrapper.bit"
15:37:42 INFO  : Context for 'APU' is selected.
15:37:44 INFO  : Hardware design and registers information is loaded from '/thayerfs/home/f005cpz/workspace/module6/module6_hw_wrapper/export/module6_hw_wrapper/hw/module6_hw_wrapper.xsa'.
15:37:44 INFO  : 'configparams force-mem-access 1' command is executed.
15:37:44 INFO  : Context for 'APU' is selected.
15:37:44 INFO  : Sourcing of '/thayerfs/home/f005cpz/workspace/module6/module6_sw/_ide/psinit/ps7_init.tcl' is done.
15:37:44 INFO  : 'ps7_init' command is executed.
15:37:44 INFO  : 'ps7_post_config' command is executed.
15:37:44 INFO  : Context for processor 'ps7_cortexa9_0' is selected.
15:37:44 INFO  : The application '/thayerfs/home/f005cpz/workspace/module6/module6_sw/Debug/module6_sw.elf' is downloaded to processor 'ps7_cortexa9_0'.
15:37:44 INFO  : 'configparams force-mem-access 0' command is executed.
15:37:44 INFO  : ----------------XSDB Script----------------
connect -url tcp:127.0.0.1:3121
targets -set -nocase -filter {name =~"APU*"}
rst -system
after 3000
targets -set -filter {jtag_cable_name =~ "Digilent Zybo Z7 210351B7A99BA" && level==0 && jtag_device_ctx=="jsn-Zybo Z7-210351B7A99BA-13722093-0"}
fpga -file /thayerfs/home/f005cpz/workspace/module6/module6_sw/_ide/bitstream/module6_hw_wrapper.bit
targets -set -nocase -filter {name =~"APU*"}
loadhw -hw /thayerfs/home/f005cpz/workspace/module6/module6_hw_wrapper/export/module6_hw_wrapper/hw/module6_hw_wrapper.xsa -mem-ranges [list {0x40000000 0xbfffffff}] -regs
configparams force-mem-access 1
targets -set -nocase -filter {name =~"APU*"}
source /thayerfs/home/f005cpz/workspace/module6/module6_sw/_ide/psinit/ps7_init.tcl
ps7_init
ps7_post_config
targets -set -nocase -filter {name =~ "*A9*#0"}
dow /thayerfs/home/f005cpz/workspace/module6/module6_sw/Debug/module6_sw.elf
configparams force-mem-access 0
----------------End of Script----------------

15:37:44 INFO  : Context for processor 'ps7_cortexa9_0' is selected.
15:37:44 INFO  : 'con' command is executed.
15:37:44 INFO  : ----------------XSDB Script (After Launch)----------------
targets -set -nocase -filter {name =~ "*A9*#0"}
con
----------------End of Script----------------

15:37:44 INFO  : Launch script is exported to file '/thayerfs/home/f005cpz/workspace/module6/module6_sw_system/_ide/scripts/systemdebugger_module6_sw_system_standalone.tcl'
15:38:54 INFO  : Checking for BSP changes to sync application flags for project 'module6_sw'...
15:39:00 ERROR : (XSDB Server)ERROR: [Hsi 55-1571] The design file /thayerfs/home/f005cpz/workspace/module6/module6_hw_wrapper/export/module6_hw_wrapper/hw/module6_hw_wrapper.xsa is already opened

15:39:11 INFO  : Disconnected from the channel tcfchan#19.
15:39:11 INFO  : Connected to target on host '127.0.0.1' and port '3121'.
15:39:11 INFO  : Jtag cable 'Digilent Zybo Z7 210351B7A99BA' is selected.
15:39:11 INFO  : 'jtag frequency' command is executed.
15:39:11 INFO  : Context for 'APU' is selected.
15:39:11 INFO  : System reset is completed.
15:39:14 INFO  : 'after 3000' command is executed.
15:39:14 INFO  : 'targets -set -filter {jtag_cable_name =~ "Digilent Zybo Z7 210351B7A99BA" && level==0 && jtag_device_ctx=="jsn-Zybo Z7-210351B7A99BA-13722093-0"}' command is executed.
15:39:16 INFO  : Device configured successfully with "/thayerfs/home/f005cpz/workspace/module6/module6_sw/_ide/bitstream/module6_hw_wrapper.bit"
15:39:16 INFO  : Context for 'APU' is selected.
15:39:18 INFO  : Hardware design and registers information is loaded from '/thayerfs/home/f005cpz/workspace/module6/module6_hw_wrapper/export/module6_hw_wrapper/hw/module6_hw_wrapper.xsa'.
15:39:18 INFO  : 'configparams force-mem-access 1' command is executed.
15:39:18 INFO  : Context for 'APU' is selected.
15:39:18 INFO  : Sourcing of '/thayerfs/home/f005cpz/workspace/module6/module6_sw/_ide/psinit/ps7_init.tcl' is done.
15:39:18 INFO  : 'ps7_init' command is executed.
15:39:18 INFO  : 'ps7_post_config' command is executed.
15:39:18 INFO  : Context for processor 'ps7_cortexa9_0' is selected.
15:39:18 INFO  : The application '/thayerfs/home/f005cpz/workspace/module6/module6_sw/Debug/module6_sw.elf' is downloaded to processor 'ps7_cortexa9_0'.
15:39:18 INFO  : 'configparams force-mem-access 0' command is executed.
15:39:18 INFO  : ----------------XSDB Script----------------
connect -url tcp:127.0.0.1:3121
targets -set -nocase -filter {name =~"APU*"}
rst -system
after 3000
targets -set -filter {jtag_cable_name =~ "Digilent Zybo Z7 210351B7A99BA" && level==0 && jtag_device_ctx=="jsn-Zybo Z7-210351B7A99BA-13722093-0"}
fpga -file /thayerfs/home/f005cpz/workspace/module6/module6_sw/_ide/bitstream/module6_hw_wrapper.bit
targets -set -nocase -filter {name =~"APU*"}
loadhw -hw /thayerfs/home/f005cpz/workspace/module6/module6_hw_wrapper/export/module6_hw_wrapper/hw/module6_hw_wrapper.xsa -mem-ranges [list {0x40000000 0xbfffffff}] -regs
configparams force-mem-access 1
targets -set -nocase -filter {name =~"APU*"}
source /thayerfs/home/f005cpz/workspace/module6/module6_sw/_ide/psinit/ps7_init.tcl
ps7_init
ps7_post_config
targets -set -nocase -filter {name =~ "*A9*#0"}
dow /thayerfs/home/f005cpz/workspace/module6/module6_sw/Debug/module6_sw.elf
configparams force-mem-access 0
----------------End of Script----------------

15:39:18 INFO  : Context for processor 'ps7_cortexa9_0' is selected.
15:39:18 INFO  : 'con' command is executed.
15:39:18 INFO  : ----------------XSDB Script (After Launch)----------------
targets -set -nocase -filter {name =~ "*A9*#0"}
con
----------------End of Script----------------

15:39:18 INFO  : Launch script is exported to file '/thayerfs/home/f005cpz/workspace/module6/module6_sw_system/_ide/scripts/systemdebugger_module6_sw_system_standalone.tcl'
15:41:56 INFO  : Checking for BSP changes to sync application flags for project 'module6_sw'...
15:42:05 ERROR : (XSDB Server)ERROR: [Hsi 55-1571] The design file /thayerfs/home/f005cpz/workspace/module6/module6_hw_wrapper/export/module6_hw_wrapper/hw/module6_hw_wrapper.xsa is already opened

15:42:16 INFO  : Disconnected from the channel tcfchan#21.
15:42:16 INFO  : Connected to target on host '127.0.0.1' and port '3121'.
15:42:16 INFO  : Jtag cable 'Digilent Zybo Z7 210351B7A99BA' is selected.
15:42:16 INFO  : 'jtag frequency' command is executed.
15:42:16 INFO  : Context for 'APU' is selected.
15:42:16 INFO  : System reset is completed.
15:42:19 INFO  : 'after 3000' command is executed.
15:42:19 INFO  : 'targets -set -filter {jtag_cable_name =~ "Digilent Zybo Z7 210351B7A99BA" && level==0 && jtag_device_ctx=="jsn-Zybo Z7-210351B7A99BA-13722093-0"}' command is executed.
15:42:21 INFO  : Device configured successfully with "/thayerfs/home/f005cpz/workspace/module6/module6_sw/_ide/bitstream/module6_hw_wrapper.bit"
15:42:21 INFO  : Context for 'APU' is selected.
15:42:23 INFO  : Hardware design and registers information is loaded from '/thayerfs/home/f005cpz/workspace/module6/module6_hw_wrapper/export/module6_hw_wrapper/hw/module6_hw_wrapper.xsa'.
15:42:23 INFO  : 'configparams force-mem-access 1' command is executed.
15:42:23 INFO  : Context for 'APU' is selected.
15:42:23 INFO  : Sourcing of '/thayerfs/home/f005cpz/workspace/module6/module6_sw/_ide/psinit/ps7_init.tcl' is done.
15:42:23 INFO  : 'ps7_init' command is executed.
15:42:23 INFO  : 'ps7_post_config' command is executed.
15:42:23 INFO  : Context for processor 'ps7_cortexa9_0' is selected.
15:42:24 INFO  : The application '/thayerfs/home/f005cpz/workspace/module6/module6_sw/Debug/module6_sw.elf' is downloaded to processor 'ps7_cortexa9_0'.
15:42:24 INFO  : 'configparams force-mem-access 0' command is executed.
15:42:24 INFO  : ----------------XSDB Script----------------
connect -url tcp:127.0.0.1:3121
targets -set -nocase -filter {name =~"APU*"}
rst -system
after 3000
targets -set -filter {jtag_cable_name =~ "Digilent Zybo Z7 210351B7A99BA" && level==0 && jtag_device_ctx=="jsn-Zybo Z7-210351B7A99BA-13722093-0"}
fpga -file /thayerfs/home/f005cpz/workspace/module6/module6_sw/_ide/bitstream/module6_hw_wrapper.bit
targets -set -nocase -filter {name =~"APU*"}
loadhw -hw /thayerfs/home/f005cpz/workspace/module6/module6_hw_wrapper/export/module6_hw_wrapper/hw/module6_hw_wrapper.xsa -mem-ranges [list {0x40000000 0xbfffffff}] -regs
configparams force-mem-access 1
targets -set -nocase -filter {name =~"APU*"}
source /thayerfs/home/f005cpz/workspace/module6/module6_sw/_ide/psinit/ps7_init.tcl
ps7_init
ps7_post_config
targets -set -nocase -filter {name =~ "*A9*#0"}
dow /thayerfs/home/f005cpz/workspace/module6/module6_sw/Debug/module6_sw.elf
configparams force-mem-access 0
----------------End of Script----------------

15:42:24 INFO  : Context for processor 'ps7_cortexa9_0' is selected.
15:42:24 INFO  : 'con' command is executed.
15:42:24 INFO  : ----------------XSDB Script (After Launch)----------------
targets -set -nocase -filter {name =~ "*A9*#0"}
con
----------------End of Script----------------

15:42:24 INFO  : Launch script is exported to file '/thayerfs/home/f005cpz/workspace/module6/module6_sw_system/_ide/scripts/systemdebugger_module6_sw_system_standalone.tcl'
15:44:40 INFO  : Checking for BSP changes to sync application flags for project 'module6_sw'...
15:44:46 ERROR : (XSDB Server)ERROR: [Hsi 55-1571] The design file /thayerfs/home/f005cpz/workspace/module6/module6_hw_wrapper/export/module6_hw_wrapper/hw/module6_hw_wrapper.xsa is already opened

15:44:59 INFO  : Disconnected from the channel tcfchan#23.
15:44:59 INFO  : Connected to target on host '127.0.0.1' and port '3121'.
15:44:59 INFO  : Jtag cable 'Digilent Zybo Z7 210351B7A99BA' is selected.
15:44:59 INFO  : 'jtag frequency' command is executed.
15:44:59 INFO  : Context for 'APU' is selected.
15:44:59 INFO  : System reset is completed.
15:45:02 INFO  : 'after 3000' command is executed.
15:45:02 INFO  : 'targets -set -filter {jtag_cable_name =~ "Digilent Zybo Z7 210351B7A99BA" && level==0 && jtag_device_ctx=="jsn-Zybo Z7-210351B7A99BA-13722093-0"}' command is executed.
15:45:03 INFO  : Device configured successfully with "/thayerfs/home/f005cpz/workspace/module6/module6_sw/_ide/bitstream/module6_hw_wrapper.bit"
15:45:03 INFO  : Context for 'APU' is selected.
15:45:05 INFO  : Hardware design and registers information is loaded from '/thayerfs/home/f005cpz/workspace/module6/module6_hw_wrapper/export/module6_hw_wrapper/hw/module6_hw_wrapper.xsa'.
15:45:05 INFO  : 'configparams force-mem-access 1' command is executed.
15:45:05 INFO  : Context for 'APU' is selected.
15:45:05 INFO  : Sourcing of '/thayerfs/home/f005cpz/workspace/module6/module6_sw/_ide/psinit/ps7_init.tcl' is done.
15:45:05 INFO  : 'ps7_init' command is executed.
15:45:05 INFO  : 'ps7_post_config' command is executed.
15:45:05 INFO  : Context for processor 'ps7_cortexa9_0' is selected.
15:45:06 INFO  : The application '/thayerfs/home/f005cpz/workspace/module6/module6_sw/Debug/module6_sw.elf' is downloaded to processor 'ps7_cortexa9_0'.
15:45:06 INFO  : 'configparams force-mem-access 0' command is executed.
15:45:06 INFO  : ----------------XSDB Script----------------
connect -url tcp:127.0.0.1:3121
targets -set -nocase -filter {name =~"APU*"}
rst -system
after 3000
targets -set -filter {jtag_cable_name =~ "Digilent Zybo Z7 210351B7A99BA" && level==0 && jtag_device_ctx=="jsn-Zybo Z7-210351B7A99BA-13722093-0"}
fpga -file /thayerfs/home/f005cpz/workspace/module6/module6_sw/_ide/bitstream/module6_hw_wrapper.bit
targets -set -nocase -filter {name =~"APU*"}
loadhw -hw /thayerfs/home/f005cpz/workspace/module6/module6_hw_wrapper/export/module6_hw_wrapper/hw/module6_hw_wrapper.xsa -mem-ranges [list {0x40000000 0xbfffffff}] -regs
configparams force-mem-access 1
targets -set -nocase -filter {name =~"APU*"}
source /thayerfs/home/f005cpz/workspace/module6/module6_sw/_ide/psinit/ps7_init.tcl
ps7_init
ps7_post_config
targets -set -nocase -filter {name =~ "*A9*#0"}
dow /thayerfs/home/f005cpz/workspace/module6/module6_sw/Debug/module6_sw.elf
configparams force-mem-access 0
----------------End of Script----------------

15:45:06 INFO  : Context for processor 'ps7_cortexa9_0' is selected.
15:45:06 INFO  : 'con' command is executed.
15:45:06 INFO  : ----------------XSDB Script (After Launch)----------------
targets -set -nocase -filter {name =~ "*A9*#0"}
con
----------------End of Script----------------

15:45:06 INFO  : Launch script is exported to file '/thayerfs/home/f005cpz/workspace/module6/module6_sw_system/_ide/scripts/systemdebugger_module6_sw_system_standalone.tcl'
15:47:08 INFO  : Checking for BSP changes to sync application flags for project 'module6_sw'...
15:47:17 ERROR : (XSDB Server)ERROR: [Hsi 55-1571] The design file /thayerfs/home/f005cpz/workspace/module6/module6_hw_wrapper/export/module6_hw_wrapper/hw/module6_hw_wrapper.xsa is already opened

15:47:30 INFO  : Disconnected from the channel tcfchan#25.
15:47:30 INFO  : Connected to target on host '127.0.0.1' and port '3121'.
15:47:30 INFO  : Jtag cable 'Digilent Zybo Z7 210351B7A99BA' is selected.
15:47:30 INFO  : 'jtag frequency' command is executed.
15:47:30 INFO  : Context for 'APU' is selected.
15:47:30 INFO  : System reset is completed.
15:47:33 INFO  : 'after 3000' command is executed.
15:47:33 INFO  : 'targets -set -filter {jtag_cable_name =~ "Digilent Zybo Z7 210351B7A99BA" && level==0 && jtag_device_ctx=="jsn-Zybo Z7-210351B7A99BA-13722093-0"}' command is executed.
15:47:34 INFO  : Device configured successfully with "/thayerfs/home/f005cpz/workspace/module6/module6_sw/_ide/bitstream/module6_hw_wrapper.bit"
15:47:34 INFO  : Context for 'APU' is selected.
15:47:37 INFO  : Hardware design and registers information is loaded from '/thayerfs/home/f005cpz/workspace/module6/module6_hw_wrapper/export/module6_hw_wrapper/hw/module6_hw_wrapper.xsa'.
15:47:37 INFO  : 'configparams force-mem-access 1' command is executed.
15:47:37 INFO  : Context for 'APU' is selected.
15:47:37 INFO  : Sourcing of '/thayerfs/home/f005cpz/workspace/module6/module6_sw/_ide/psinit/ps7_init.tcl' is done.
15:47:37 INFO  : 'ps7_init' command is executed.
15:47:37 INFO  : 'ps7_post_config' command is executed.
15:47:37 INFO  : Context for processor 'ps7_cortexa9_0' is selected.
15:47:37 INFO  : The application '/thayerfs/home/f005cpz/workspace/module6/module6_sw/Debug/module6_sw.elf' is downloaded to processor 'ps7_cortexa9_0'.
15:47:37 INFO  : 'configparams force-mem-access 0' command is executed.
15:47:37 INFO  : ----------------XSDB Script----------------
connect -url tcp:127.0.0.1:3121
targets -set -nocase -filter {name =~"APU*"}
rst -system
after 3000
targets -set -filter {jtag_cable_name =~ "Digilent Zybo Z7 210351B7A99BA" && level==0 && jtag_device_ctx=="jsn-Zybo Z7-210351B7A99BA-13722093-0"}
fpga -file /thayerfs/home/f005cpz/workspace/module6/module6_sw/_ide/bitstream/module6_hw_wrapper.bit
targets -set -nocase -filter {name =~"APU*"}
loadhw -hw /thayerfs/home/f005cpz/workspace/module6/module6_hw_wrapper/export/module6_hw_wrapper/hw/module6_hw_wrapper.xsa -mem-ranges [list {0x40000000 0xbfffffff}] -regs
configparams force-mem-access 1
targets -set -nocase -filter {name =~"APU*"}
source /thayerfs/home/f005cpz/workspace/module6/module6_sw/_ide/psinit/ps7_init.tcl
ps7_init
ps7_post_config
targets -set -nocase -filter {name =~ "*A9*#0"}
dow /thayerfs/home/f005cpz/workspace/module6/module6_sw/Debug/module6_sw.elf
configparams force-mem-access 0
----------------End of Script----------------

15:47:37 INFO  : Context for processor 'ps7_cortexa9_0' is selected.
15:47:37 INFO  : 'con' command is executed.
15:47:37 INFO  : ----------------XSDB Script (After Launch)----------------
targets -set -nocase -filter {name =~ "*A9*#0"}
con
----------------End of Script----------------

15:47:37 INFO  : Launch script is exported to file '/thayerfs/home/f005cpz/workspace/module6/module6_sw_system/_ide/scripts/systemdebugger_module6_sw_system_standalone.tcl'
15:51:19 INFO  : Checking for BSP changes to sync application flags for project 'module6_sw'...
15:51:28 ERROR : (XSDB Server)ERROR: [Hsi 55-1571] The design file /thayerfs/home/f005cpz/workspace/module6/module6_hw_wrapper/export/module6_hw_wrapper/hw/module6_hw_wrapper.xsa is already opened

15:51:38 INFO  : Disconnected from the channel tcfchan#27.
15:51:38 INFO  : Connected to target on host '127.0.0.1' and port '3121'.
15:51:38 INFO  : Jtag cable 'Digilent Zybo Z7 210351B7A99BA' is selected.
15:51:38 INFO  : 'jtag frequency' command is executed.
15:51:38 INFO  : Context for 'APU' is selected.
15:51:38 INFO  : System reset is completed.
15:51:41 INFO  : 'after 3000' command is executed.
15:51:41 INFO  : 'targets -set -filter {jtag_cable_name =~ "Digilent Zybo Z7 210351B7A99BA" && level==0 && jtag_device_ctx=="jsn-Zybo Z7-210351B7A99BA-13722093-0"}' command is executed.
15:51:42 INFO  : Device configured successfully with "/thayerfs/home/f005cpz/workspace/module6/module6_sw/_ide/bitstream/module6_hw_wrapper.bit"
15:51:42 INFO  : Context for 'APU' is selected.
15:51:45 INFO  : Hardware design and registers information is loaded from '/thayerfs/home/f005cpz/workspace/module6/module6_hw_wrapper/export/module6_hw_wrapper/hw/module6_hw_wrapper.xsa'.
15:51:45 INFO  : 'configparams force-mem-access 1' command is executed.
15:51:45 INFO  : Context for 'APU' is selected.
15:51:45 INFO  : Sourcing of '/thayerfs/home/f005cpz/workspace/module6/module6_sw/_ide/psinit/ps7_init.tcl' is done.
15:51:45 INFO  : 'ps7_init' command is executed.
15:51:45 INFO  : 'ps7_post_config' command is executed.
15:51:45 INFO  : Context for processor 'ps7_cortexa9_0' is selected.
15:51:45 INFO  : The application '/thayerfs/home/f005cpz/workspace/module6/module6_sw/Debug/module6_sw.elf' is downloaded to processor 'ps7_cortexa9_0'.
15:51:45 INFO  : 'configparams force-mem-access 0' command is executed.
15:51:45 INFO  : ----------------XSDB Script----------------
connect -url tcp:127.0.0.1:3121
targets -set -nocase -filter {name =~"APU*"}
rst -system
after 3000
targets -set -filter {jtag_cable_name =~ "Digilent Zybo Z7 210351B7A99BA" && level==0 && jtag_device_ctx=="jsn-Zybo Z7-210351B7A99BA-13722093-0"}
fpga -file /thayerfs/home/f005cpz/workspace/module6/module6_sw/_ide/bitstream/module6_hw_wrapper.bit
targets -set -nocase -filter {name =~"APU*"}
loadhw -hw /thayerfs/home/f005cpz/workspace/module6/module6_hw_wrapper/export/module6_hw_wrapper/hw/module6_hw_wrapper.xsa -mem-ranges [list {0x40000000 0xbfffffff}] -regs
configparams force-mem-access 1
targets -set -nocase -filter {name =~"APU*"}
source /thayerfs/home/f005cpz/workspace/module6/module6_sw/_ide/psinit/ps7_init.tcl
ps7_init
ps7_post_config
targets -set -nocase -filter {name =~ "*A9*#0"}
dow /thayerfs/home/f005cpz/workspace/module6/module6_sw/Debug/module6_sw.elf
configparams force-mem-access 0
----------------End of Script----------------

15:51:45 INFO  : Context for processor 'ps7_cortexa9_0' is selected.
15:51:45 INFO  : 'con' command is executed.
15:51:45 INFO  : ----------------XSDB Script (After Launch)----------------
targets -set -nocase -filter {name =~ "*A9*#0"}
con
----------------End of Script----------------

15:51:45 INFO  : Launch script is exported to file '/thayerfs/home/f005cpz/workspace/module6/module6_sw_system/_ide/scripts/systemdebugger_module6_sw_system_standalone.tcl'
15:53:33 INFO  : Checking for BSP changes to sync application flags for project 'module6_sw'...
15:53:42 ERROR : (XSDB Server)ERROR: [Hsi 55-1571] The design file /thayerfs/home/f005cpz/workspace/module6/module6_hw_wrapper/export/module6_hw_wrapper/hw/module6_hw_wrapper.xsa is already opened

15:53:59 INFO  : Disconnected from the channel tcfchan#29.
15:53:59 INFO  : Connected to target on host '127.0.0.1' and port '3121'.
15:53:59 INFO  : Jtag cable 'Digilent Zybo Z7 210351B7A99BA' is selected.
15:53:59 INFO  : 'jtag frequency' command is executed.
15:53:59 INFO  : Context for 'APU' is selected.
15:53:59 INFO  : System reset is completed.
15:54:02 INFO  : 'after 3000' command is executed.
15:54:02 INFO  : 'targets -set -filter {jtag_cable_name =~ "Digilent Zybo Z7 210351B7A99BA" && level==0 && jtag_device_ctx=="jsn-Zybo Z7-210351B7A99BA-13722093-0"}' command is executed.
15:54:04 INFO  : Device configured successfully with "/thayerfs/home/f005cpz/workspace/module6/module6_sw/_ide/bitstream/module6_hw_wrapper.bit"
15:54:04 INFO  : Context for 'APU' is selected.
15:54:06 INFO  : Hardware design and registers information is loaded from '/thayerfs/home/f005cpz/workspace/module6/module6_hw_wrapper/export/module6_hw_wrapper/hw/module6_hw_wrapper.xsa'.
15:54:06 INFO  : 'configparams force-mem-access 1' command is executed.
15:54:06 INFO  : Context for 'APU' is selected.
15:54:06 INFO  : Sourcing of '/thayerfs/home/f005cpz/workspace/module6/module6_sw/_ide/psinit/ps7_init.tcl' is done.
15:54:06 INFO  : 'ps7_init' command is executed.
15:54:06 INFO  : 'ps7_post_config' command is executed.
15:54:06 INFO  : Context for processor 'ps7_cortexa9_0' is selected.
15:54:07 INFO  : The application '/thayerfs/home/f005cpz/workspace/module6/module6_sw/Debug/module6_sw.elf' is downloaded to processor 'ps7_cortexa9_0'.
15:54:07 INFO  : 'configparams force-mem-access 0' command is executed.
15:54:07 INFO  : ----------------XSDB Script----------------
connect -url tcp:127.0.0.1:3121
targets -set -nocase -filter {name =~"APU*"}
rst -system
after 3000
targets -set -filter {jtag_cable_name =~ "Digilent Zybo Z7 210351B7A99BA" && level==0 && jtag_device_ctx=="jsn-Zybo Z7-210351B7A99BA-13722093-0"}
fpga -file /thayerfs/home/f005cpz/workspace/module6/module6_sw/_ide/bitstream/module6_hw_wrapper.bit
targets -set -nocase -filter {name =~"APU*"}
loadhw -hw /thayerfs/home/f005cpz/workspace/module6/module6_hw_wrapper/export/module6_hw_wrapper/hw/module6_hw_wrapper.xsa -mem-ranges [list {0x40000000 0xbfffffff}] -regs
configparams force-mem-access 1
targets -set -nocase -filter {name =~"APU*"}
source /thayerfs/home/f005cpz/workspace/module6/module6_sw/_ide/psinit/ps7_init.tcl
ps7_init
ps7_post_config
targets -set -nocase -filter {name =~ "*A9*#0"}
dow /thayerfs/home/f005cpz/workspace/module6/module6_sw/Debug/module6_sw.elf
configparams force-mem-access 0
----------------End of Script----------------

15:54:07 INFO  : Context for processor 'ps7_cortexa9_0' is selected.
15:54:07 INFO  : 'con' command is executed.
15:54:07 INFO  : ----------------XSDB Script (After Launch)----------------
targets -set -nocase -filter {name =~ "*A9*#0"}
con
----------------End of Script----------------

15:54:07 INFO  : Launch script is exported to file '/thayerfs/home/f005cpz/workspace/module6/module6_sw_system/_ide/scripts/systemdebugger_module6_sw_system_standalone.tcl'
16:07:44 INFO  : Disconnected from the channel tcfchan#31.
16:07:45 INFO  : Connected to target on host '127.0.0.1' and port '3121'.
16:07:47 INFO  : Jtag cable 'Digilent Zybo Z7 210351B7A99BA' is selected.
16:07:47 INFO  : 'jtag frequency' command is executed.
16:07:47 INFO  : Context for 'APU' is selected.
16:07:47 INFO  : System reset is completed.
16:07:50 INFO  : 'after 3000' command is executed.
16:07:50 INFO  : 'targets -set -filter {jtag_cable_name =~ "Digilent Zybo Z7 210351B7A99BA" && level==0 && jtag_device_ctx=="jsn-Zybo Z7-210351B7A99BA-13722093-0"}' command is executed.
16:07:51 INFO  : Device configured successfully with "/thayerfs/home/f005cpz/workspace/module6/module6_sw/_ide/bitstream/module6_hw_wrapper.bit"
16:07:51 INFO  : Context for 'APU' is selected.
16:07:54 INFO  : Hardware design and registers information is loaded from '/thayerfs/home/f005cpz/workspace/module6/module6_hw_wrapper/export/module6_hw_wrapper/hw/module6_hw_wrapper.xsa'.
16:07:54 INFO  : 'configparams force-mem-access 1' command is executed.
16:07:54 INFO  : Context for 'APU' is selected.
16:07:54 INFO  : Sourcing of '/thayerfs/home/f005cpz/workspace/module6/module6_sw/_ide/psinit/ps7_init.tcl' is done.
16:07:54 INFO  : 'ps7_init' command is executed.
16:07:54 INFO  : 'ps7_post_config' command is executed.
16:07:54 INFO  : Context for processor 'ps7_cortexa9_0' is selected.
16:07:54 INFO  : The application '/thayerfs/home/f005cpz/workspace/module6/module6_sw/Debug/module6_sw.elf' is downloaded to processor 'ps7_cortexa9_0'.
16:07:54 INFO  : 'configparams force-mem-access 0' command is executed.
16:07:54 INFO  : ----------------XSDB Script----------------
connect -url tcp:127.0.0.1:3121
targets -set -nocase -filter {name =~"APU*"}
rst -system
after 3000
targets -set -filter {jtag_cable_name =~ "Digilent Zybo Z7 210351B7A99BA" && level==0 && jtag_device_ctx=="jsn-Zybo Z7-210351B7A99BA-13722093-0"}
fpga -file /thayerfs/home/f005cpz/workspace/module6/module6_sw/_ide/bitstream/module6_hw_wrapper.bit
targets -set -nocase -filter {name =~"APU*"}
loadhw -hw /thayerfs/home/f005cpz/workspace/module6/module6_hw_wrapper/export/module6_hw_wrapper/hw/module6_hw_wrapper.xsa -mem-ranges [list {0x40000000 0xbfffffff}] -regs
configparams force-mem-access 1
targets -set -nocase -filter {name =~"APU*"}
source /thayerfs/home/f005cpz/workspace/module6/module6_sw/_ide/psinit/ps7_init.tcl
ps7_init
ps7_post_config
targets -set -nocase -filter {name =~ "*A9*#0"}
dow /thayerfs/home/f005cpz/workspace/module6/module6_sw/Debug/module6_sw.elf
configparams force-mem-access 0
----------------End of Script----------------

16:07:54 INFO  : Context for processor 'ps7_cortexa9_0' is selected.
16:07:54 INFO  : 'con' command is executed.
16:07:54 INFO  : ----------------XSDB Script (After Launch)----------------
targets -set -nocase -filter {name =~ "*A9*#0"}
con
----------------End of Script----------------

16:07:54 INFO  : Launch script is exported to file '/thayerfs/home/f005cpz/workspace/module6/module6_sw_system/_ide/scripts/debugger_module6_sw-default.tcl'
17:01:02 INFO  : Checking for BSP changes to sync application flags for project 'module6_sw'...
17:20:21 INFO  : Checking for BSP changes to sync application flags for project 'module6_sw'...
17:20:54 INFO  : Checking for BSP changes to sync application flags for project 'module6_sw'...
17:21:44 INFO  : Checking for BSP changes to sync application flags for project 'module6_sw'...
17:22:57 INFO  : Checking for BSP changes to sync application flags for project 'module6_sw'...
17:36:08 INFO  : Checking for BSP changes to sync application flags for project 'module6_sw'...
17:44:31 INFO  : Checking for BSP changes to sync application flags for project 'module6_sw'...
17:45:08 INFO  : Checking for BSP changes to sync application flags for project 'module6_sw'...
22:02:36 INFO  : Checking for BSP changes to sync application flags for project 'module6_sw'...
22:30:04 INFO  : Checking for BSP changes to sync application flags for project 'module6_sw'...
22:31:53 INFO  : Checking for BSP changes to sync application flags for project 'module6_sw'...
22:32:00 ERROR : (XSDB Server)ERROR: [Hsi 55-1571] The design file /thayerfs/home/f005cpz/workspace/module6/module6_hw_wrapper/export/module6_hw_wrapper/hw/module6_hw_wrapper.xsa is already opened

22:32:11 INFO  : Disconnected from the channel tcfchan#32.
22:32:12 INFO  : Connected to target on host '127.0.0.1' and port '3121'.
22:32:14 INFO  : Jtag cable 'Digilent Zybo Z7 210351B7A99BA' is selected.
22:32:14 INFO  : 'jtag frequency' command is executed.
22:32:14 INFO  : Context for 'APU' is selected.
22:32:14 INFO  : System reset is completed.
22:32:17 INFO  : 'after 3000' command is executed.
22:32:17 INFO  : 'targets -set -filter {jtag_cable_name =~ "Digilent Zybo Z7 210351B7A99BA" && level==0 && jtag_device_ctx=="jsn-Zybo Z7-210351B7A99BA-13722093-0"}' command is executed.
22:32:18 INFO  : Device configured successfully with "/thayerfs/home/f005cpz/workspace/module6/module6_sw/_ide/bitstream/module6_hw_wrapper.bit"
22:32:19 INFO  : Context for 'APU' is selected.
22:32:21 INFO  : Hardware design and registers information is loaded from '/thayerfs/home/f005cpz/workspace/module6/module6_hw_wrapper/export/module6_hw_wrapper/hw/module6_hw_wrapper.xsa'.
22:32:21 INFO  : 'configparams force-mem-access 1' command is executed.
22:32:21 INFO  : Context for 'APU' is selected.
22:32:21 INFO  : Sourcing of '/thayerfs/home/f005cpz/workspace/module6/module6_sw/_ide/psinit/ps7_init.tcl' is done.
22:32:21 INFO  : 'ps7_init' command is executed.
22:32:21 INFO  : 'ps7_post_config' command is executed.
22:32:21 INFO  : Context for processor 'ps7_cortexa9_0' is selected.
22:32:21 INFO  : The application '/thayerfs/home/f005cpz/workspace/module6/module6_sw/Debug/module6_sw.elf' is downloaded to processor 'ps7_cortexa9_0'.
22:32:21 INFO  : 'configparams force-mem-access 0' command is executed.
22:32:21 INFO  : ----------------XSDB Script----------------
connect -url tcp:127.0.0.1:3121
targets -set -nocase -filter {name =~"APU*"}
rst -system
after 3000
targets -set -filter {jtag_cable_name =~ "Digilent Zybo Z7 210351B7A99BA" && level==0 && jtag_device_ctx=="jsn-Zybo Z7-210351B7A99BA-13722093-0"}
fpga -file /thayerfs/home/f005cpz/workspace/module6/module6_sw/_ide/bitstream/module6_hw_wrapper.bit
targets -set -nocase -filter {name =~"APU*"}
loadhw -hw /thayerfs/home/f005cpz/workspace/module6/module6_hw_wrapper/export/module6_hw_wrapper/hw/module6_hw_wrapper.xsa -mem-ranges [list {0x40000000 0xbfffffff}] -regs
configparams force-mem-access 1
targets -set -nocase -filter {name =~"APU*"}
source /thayerfs/home/f005cpz/workspace/module6/module6_sw/_ide/psinit/ps7_init.tcl
ps7_init
ps7_post_config
targets -set -nocase -filter {name =~ "*A9*#0"}
dow /thayerfs/home/f005cpz/workspace/module6/module6_sw/Debug/module6_sw.elf
configparams force-mem-access 0
----------------End of Script----------------

22:32:21 INFO  : Context for processor 'ps7_cortexa9_0' is selected.
22:32:21 INFO  : 'con' command is executed.
22:32:21 INFO  : ----------------XSDB Script (After Launch)----------------
targets -set -nocase -filter {name =~ "*A9*#0"}
con
----------------End of Script----------------

22:32:21 INFO  : Launch script is exported to file '/thayerfs/home/f005cpz/workspace/module6/module6_sw_system/_ide/scripts/systemdebugger_module6_sw_system_standalone.tcl'
22:50:37 INFO  : Checking for BSP changes to sync application flags for project 'module6_sw'...
22:51:52 INFO  : Checking for BSP changes to sync application flags for project 'module6_sw'...
23:26:39 INFO  : Checking for BSP changes to sync application flags for project 'module6_sw'...
23:29:59 INFO  : Checking for BSP changes to sync application flags for project 'module6_sw'...
23:30:09 ERROR : (XSDB Server)ERROR: [Hsi 55-1571] The design file /thayerfs/home/f005cpz/workspace/module6/module6_hw_wrapper/export/module6_hw_wrapper/hw/module6_hw_wrapper.xsa is already opened

23:30:54 INFO  : Disconnected from the channel tcfchan#34.
23:30:54 INFO  : Connected to target on host '127.0.0.1' and port '3121'.
23:30:54 INFO  : Jtag cable 'Digilent Zybo Z7 210351B7A99BA' is selected.
23:30:54 INFO  : 'jtag frequency' command is executed.
23:30:54 INFO  : Context for 'APU' is selected.
23:30:54 INFO  : System reset is completed.
23:30:57 INFO  : 'after 3000' command is executed.
23:30:57 INFO  : 'targets -set -filter {jtag_cable_name =~ "Digilent Zybo Z7 210351B7A99BA" && level==0 && jtag_device_ctx=="jsn-Zybo Z7-210351B7A99BA-13722093-0"}' command is executed.
23:30:59 INFO  : Device configured successfully with "/thayerfs/home/f005cpz/workspace/module6/module6_sw/_ide/bitstream/module6_hw_wrapper.bit"
23:30:59 INFO  : Context for 'APU' is selected.
23:31:01 INFO  : Hardware design and registers information is loaded from '/thayerfs/home/f005cpz/workspace/module6/module6_hw_wrapper/export/module6_hw_wrapper/hw/module6_hw_wrapper.xsa'.
23:31:01 INFO  : 'configparams force-mem-access 1' command is executed.
23:31:01 INFO  : Context for 'APU' is selected.
23:31:01 INFO  : Sourcing of '/thayerfs/home/f005cpz/workspace/module6/module6_sw/_ide/psinit/ps7_init.tcl' is done.
23:31:01 INFO  : 'ps7_init' command is executed.
23:31:01 INFO  : 'ps7_post_config' command is executed.
23:31:01 INFO  : Context for processor 'ps7_cortexa9_0' is selected.
23:31:01 INFO  : The application '/thayerfs/home/f005cpz/workspace/module6/module6_sw/Debug/module6_sw.elf' is downloaded to processor 'ps7_cortexa9_0'.
23:31:01 INFO  : 'configparams force-mem-access 0' command is executed.
23:31:01 INFO  : ----------------XSDB Script----------------
connect -url tcp:127.0.0.1:3121
targets -set -nocase -filter {name =~"APU*"}
rst -system
after 3000
targets -set -filter {jtag_cable_name =~ "Digilent Zybo Z7 210351B7A99BA" && level==0 && jtag_device_ctx=="jsn-Zybo Z7-210351B7A99BA-13722093-0"}
fpga -file /thayerfs/home/f005cpz/workspace/module6/module6_sw/_ide/bitstream/module6_hw_wrapper.bit
targets -set -nocase -filter {name =~"APU*"}
loadhw -hw /thayerfs/home/f005cpz/workspace/module6/module6_hw_wrapper/export/module6_hw_wrapper/hw/module6_hw_wrapper.xsa -mem-ranges [list {0x40000000 0xbfffffff}] -regs
configparams force-mem-access 1
targets -set -nocase -filter {name =~"APU*"}
source /thayerfs/home/f005cpz/workspace/module6/module6_sw/_ide/psinit/ps7_init.tcl
ps7_init
ps7_post_config
targets -set -nocase -filter {name =~ "*A9*#0"}
dow /thayerfs/home/f005cpz/workspace/module6/module6_sw/Debug/module6_sw.elf
configparams force-mem-access 0
----------------End of Script----------------

23:31:01 INFO  : Context for processor 'ps7_cortexa9_0' is selected.
23:31:01 INFO  : 'con' command is executed.
23:31:01 INFO  : ----------------XSDB Script (After Launch)----------------
targets -set -nocase -filter {name =~ "*A9*#0"}
con
----------------End of Script----------------

23:31:01 INFO  : Launch script is exported to file '/thayerfs/home/f005cpz/workspace/module6/module6_sw_system/_ide/scripts/systemdebugger_module6_sw_system_standalone.tcl'
23:58:36 INFO  : Checking for BSP changes to sync application flags for project 'module6_sw'...
00:02:05 INFO  : Checking for BSP changes to sync application flags for project 'module6_sw'...
00:03:59 INFO  : Checking for BSP changes to sync application flags for project 'module6_sw'...
00:04:09 ERROR : (XSDB Server)ERROR: [Hsi 55-1571] The design file /thayerfs/home/f005cpz/workspace/module6/module6_hw_wrapper/export/module6_hw_wrapper/hw/module6_hw_wrapper.xsa is already opened

00:04:22 INFO  : Disconnected from the channel tcfchan#36.
00:04:22 INFO  : Connected to target on host '127.0.0.1' and port '3121'.
00:04:22 INFO  : Jtag cable 'Digilent Zybo Z7 210351B7A99BA' is selected.
00:04:22 INFO  : 'jtag frequency' command is executed.
00:04:22 INFO  : Context for 'APU' is selected.
00:04:22 INFO  : System reset is completed.
00:04:25 INFO  : 'after 3000' command is executed.
00:04:25 INFO  : 'targets -set -filter {jtag_cable_name =~ "Digilent Zybo Z7 210351B7A99BA" && level==0 && jtag_device_ctx=="jsn-Zybo Z7-210351B7A99BA-13722093-0"}' command is executed.
00:04:26 INFO  : Device configured successfully with "/thayerfs/home/f005cpz/workspace/module6/module6_sw/_ide/bitstream/module6_hw_wrapper.bit"
00:04:26 INFO  : Context for 'APU' is selected.
00:04:29 INFO  : Hardware design and registers information is loaded from '/thayerfs/home/f005cpz/workspace/module6/module6_hw_wrapper/export/module6_hw_wrapper/hw/module6_hw_wrapper.xsa'.
00:04:29 INFO  : 'configparams force-mem-access 1' command is executed.
00:04:29 INFO  : Context for 'APU' is selected.
00:04:29 INFO  : Sourcing of '/thayerfs/home/f005cpz/workspace/module6/module6_sw/_ide/psinit/ps7_init.tcl' is done.
00:04:29 INFO  : 'ps7_init' command is executed.
00:04:29 INFO  : 'ps7_post_config' command is executed.
00:04:29 INFO  : Context for processor 'ps7_cortexa9_0' is selected.
00:04:29 INFO  : The application '/thayerfs/home/f005cpz/workspace/module6/module6_sw/Debug/module6_sw.elf' is downloaded to processor 'ps7_cortexa9_0'.
00:04:29 INFO  : 'configparams force-mem-access 0' command is executed.
00:04:29 INFO  : ----------------XSDB Script----------------
connect -url tcp:127.0.0.1:3121
targets -set -nocase -filter {name =~"APU*"}
rst -system
after 3000
targets -set -filter {jtag_cable_name =~ "Digilent Zybo Z7 210351B7A99BA" && level==0 && jtag_device_ctx=="jsn-Zybo Z7-210351B7A99BA-13722093-0"}
fpga -file /thayerfs/home/f005cpz/workspace/module6/module6_sw/_ide/bitstream/module6_hw_wrapper.bit
targets -set -nocase -filter {name =~"APU*"}
loadhw -hw /thayerfs/home/f005cpz/workspace/module6/module6_hw_wrapper/export/module6_hw_wrapper/hw/module6_hw_wrapper.xsa -mem-ranges [list {0x40000000 0xbfffffff}] -regs
configparams force-mem-access 1
targets -set -nocase -filter {name =~"APU*"}
source /thayerfs/home/f005cpz/workspace/module6/module6_sw/_ide/psinit/ps7_init.tcl
ps7_init
ps7_post_config
targets -set -nocase -filter {name =~ "*A9*#0"}
dow /thayerfs/home/f005cpz/workspace/module6/module6_sw/Debug/module6_sw.elf
configparams force-mem-access 0
----------------End of Script----------------

00:04:29 INFO  : Context for processor 'ps7_cortexa9_0' is selected.
00:04:29 INFO  : 'con' command is executed.
00:04:29 INFO  : ----------------XSDB Script (After Launch)----------------
targets -set -nocase -filter {name =~ "*A9*#0"}
con
----------------End of Script----------------

00:04:29 INFO  : Launch script is exported to file '/thayerfs/home/f005cpz/workspace/module6/module6_sw_system/_ide/scripts/systemdebugger_module6_sw_system_standalone.tcl'
00:12:07 INFO  : Checking for BSP changes to sync application flags for project 'module6_sw'...
00:12:26 INFO  : Checking for BSP changes to sync application flags for project 'module6_sw'...
00:12:34 ERROR : (XSDB Server)ERROR: [Hsi 55-1571] The design file /thayerfs/home/f005cpz/workspace/module6/module6_hw_wrapper/export/module6_hw_wrapper/hw/module6_hw_wrapper.xsa is already opened

00:12:42 INFO  : Disconnected from the channel tcfchan#38.
00:12:42 INFO  : Connected to target on host '127.0.0.1' and port '3121'.
00:12:42 INFO  : Jtag cable 'Digilent Zybo Z7 210351B7A99BA' is selected.
00:12:42 INFO  : 'jtag frequency' command is executed.
00:12:42 INFO  : Context for 'APU' is selected.
00:12:42 INFO  : System reset is completed.
00:12:45 INFO  : 'after 3000' command is executed.
00:12:45 INFO  : 'targets -set -filter {jtag_cable_name =~ "Digilent Zybo Z7 210351B7A99BA" && level==0 && jtag_device_ctx=="jsn-Zybo Z7-210351B7A99BA-13722093-0"}' command is executed.
00:12:47 INFO  : Device configured successfully with "/thayerfs/home/f005cpz/workspace/module6/module6_sw/_ide/bitstream/module6_hw_wrapper.bit"
00:12:47 INFO  : Context for 'APU' is selected.
00:12:49 INFO  : Hardware design and registers information is loaded from '/thayerfs/home/f005cpz/workspace/module6/module6_hw_wrapper/export/module6_hw_wrapper/hw/module6_hw_wrapper.xsa'.
00:12:49 INFO  : 'configparams force-mem-access 1' command is executed.
00:12:49 INFO  : Context for 'APU' is selected.
00:12:49 INFO  : Sourcing of '/thayerfs/home/f005cpz/workspace/module6/module6_sw/_ide/psinit/ps7_init.tcl' is done.
00:12:49 INFO  : 'ps7_init' command is executed.
00:12:49 INFO  : 'ps7_post_config' command is executed.
00:12:49 INFO  : Context for processor 'ps7_cortexa9_0' is selected.
00:12:49 INFO  : The application '/thayerfs/home/f005cpz/workspace/module6/module6_sw/Debug/module6_sw.elf' is downloaded to processor 'ps7_cortexa9_0'.
00:12:49 INFO  : 'configparams force-mem-access 0' command is executed.
00:12:49 INFO  : ----------------XSDB Script----------------
connect -url tcp:127.0.0.1:3121
targets -set -nocase -filter {name =~"APU*"}
rst -system
after 3000
targets -set -filter {jtag_cable_name =~ "Digilent Zybo Z7 210351B7A99BA" && level==0 && jtag_device_ctx=="jsn-Zybo Z7-210351B7A99BA-13722093-0"}
fpga -file /thayerfs/home/f005cpz/workspace/module6/module6_sw/_ide/bitstream/module6_hw_wrapper.bit
targets -set -nocase -filter {name =~"APU*"}
loadhw -hw /thayerfs/home/f005cpz/workspace/module6/module6_hw_wrapper/export/module6_hw_wrapper/hw/module6_hw_wrapper.xsa -mem-ranges [list {0x40000000 0xbfffffff}] -regs
configparams force-mem-access 1
targets -set -nocase -filter {name =~"APU*"}
source /thayerfs/home/f005cpz/workspace/module6/module6_sw/_ide/psinit/ps7_init.tcl
ps7_init
ps7_post_config
targets -set -nocase -filter {name =~ "*A9*#0"}
dow /thayerfs/home/f005cpz/workspace/module6/module6_sw/Debug/module6_sw.elf
configparams force-mem-access 0
----------------End of Script----------------

00:12:49 INFO  : Context for processor 'ps7_cortexa9_0' is selected.
00:12:49 INFO  : 'con' command is executed.
00:12:49 INFO  : ----------------XSDB Script (After Launch)----------------
targets -set -nocase -filter {name =~ "*A9*#0"}
con
----------------End of Script----------------

00:12:49 INFO  : Launch script is exported to file '/thayerfs/home/f005cpz/workspace/module6/module6_sw_system/_ide/scripts/systemdebugger_module6_sw_system_standalone.tcl'
00:25:33 INFO  : Disconnected from the channel tcfchan#40.
11:46:07 INFO  : Logs will be stored at '/thayerfs/home/f005cpz/workspace/module6/IDE.log'.
11:46:11 INFO  : Launching XSCT server: xsct -n  -interactive /thayerfs/home/f005cpz/workspace/module6/temp_xsdb_launch_script.tcl
11:46:14 INFO  : Platform repository initialization has completed.
11:46:15 INFO  : Registering command handlers for Vitis TCF services
11:46:15 INFO  : XSCT server has started successfully.
11:46:21 INFO  : Successfully done setting XSCT server connection channel  
11:46:21 INFO  : plnx-install-location is set to ''
11:46:21 INFO  : Successfully done query RDI_DATADIR 
11:46:21 INFO  : Successfully done setting workspace for the tool. 
11:57:50 INFO  : Checking for BSP changes to sync application flags for project 'module6_sw'...
11:58:00 ERROR : (XSDB Server)ERROR: [Hsi 55-1571] The design file /thayerfs/home/f005cpz/workspace/module6/module6_hw_wrapper/export/module6_hw_wrapper/hw/module6_hw_wrapper.xsa is already opened

11:59:14 INFO  : Connected to target on host '127.0.0.1' and port '3121'.
11:59:14 INFO  : Jtag cable 'Digilent Zybo Z7 210351B7A99BA' is selected.
11:59:14 INFO  : 'jtag frequency' command is executed.
11:59:14 INFO  : Context for 'APU' is selected.
11:59:14 INFO  : System reset is completed.
11:59:17 INFO  : 'after 3000' command is executed.
11:59:17 INFO  : 'targets -set -filter {jtag_cable_name =~ "Digilent Zybo Z7 210351B7A99BA" && level==0 && jtag_device_ctx=="jsn-Zybo Z7-210351B7A99BA-13722093-0"}' command is executed.
11:59:19 INFO  : Device configured successfully with "/thayerfs/home/f005cpz/workspace/module6/module6_sw/_ide/bitstream/module6_hw_wrapper.bit"
11:59:19 INFO  : Context for 'APU' is selected.
11:59:19 INFO  : Hardware design and registers information is loaded from '/thayerfs/home/f005cpz/workspace/module6/module6_hw_wrapper/export/module6_hw_wrapper/hw/module6_hw_wrapper.xsa'.
11:59:19 INFO  : 'configparams force-mem-access 1' command is executed.
11:59:19 INFO  : Context for 'APU' is selected.
11:59:19 INFO  : Sourcing of '/thayerfs/home/f005cpz/workspace/module6/module6_sw/_ide/psinit/ps7_init.tcl' is done.
11:59:19 INFO  : 'ps7_init' command is executed.
11:59:19 INFO  : 'ps7_post_config' command is executed.
11:59:19 INFO  : Context for processor 'ps7_cortexa9_0' is selected.
11:59:19 INFO  : The application '/thayerfs/home/f005cpz/workspace/module6/module6_sw/Debug/module6_sw.elf' is downloaded to processor 'ps7_cortexa9_0'.
11:59:19 INFO  : 'configparams force-mem-access 0' command is executed.
11:59:19 INFO  : ----------------XSDB Script----------------
connect -url tcp:127.0.0.1:3121
targets -set -nocase -filter {name =~"APU*"}
rst -system
after 3000
targets -set -filter {jtag_cable_name =~ "Digilent Zybo Z7 210351B7A99BA" && level==0 && jtag_device_ctx=="jsn-Zybo Z7-210351B7A99BA-13722093-0"}
fpga -file /thayerfs/home/f005cpz/workspace/module6/module6_sw/_ide/bitstream/module6_hw_wrapper.bit
targets -set -nocase -filter {name =~"APU*"}
loadhw -hw /thayerfs/home/f005cpz/workspace/module6/module6_hw_wrapper/export/module6_hw_wrapper/hw/module6_hw_wrapper.xsa -mem-ranges [list {0x40000000 0xbfffffff}] -regs
configparams force-mem-access 1
targets -set -nocase -filter {name =~"APU*"}
source /thayerfs/home/f005cpz/workspace/module6/module6_sw/_ide/psinit/ps7_init.tcl
ps7_init
ps7_post_config
targets -set -nocase -filter {name =~ "*A9*#0"}
dow /thayerfs/home/f005cpz/workspace/module6/module6_sw/Debug/module6_sw.elf
configparams force-mem-access 0
----------------End of Script----------------

11:59:19 INFO  : Context for processor 'ps7_cortexa9_0' is selected.
11:59:19 INFO  : 'con' command is executed.
11:59:19 INFO  : ----------------XSDB Script (After Launch)----------------
targets -set -nocase -filter {name =~ "*A9*#0"}
con
----------------End of Script----------------

11:59:19 INFO  : Launch script is exported to file '/thayerfs/home/f005cpz/workspace/module6/module6_sw_system/_ide/scripts/systemdebugger_module6_sw_system_standalone.tcl'
13:10:21 INFO  : Checking for BSP changes to sync application flags for project 'module6_sw'...
13:10:26 ERROR : (XSDB Server)ERROR: [Hsi 55-1571] The design file /thayerfs/home/f005cpz/workspace/module6/module6_hw_wrapper/export/module6_hw_wrapper/hw/module6_hw_wrapper.xsa is already opened

13:10:47 INFO  : Disconnected from the channel tcfchan#2.
13:10:47 INFO  : Connected to target on host '127.0.0.1' and port '3121'.
13:10:47 INFO  : Jtag cable 'Digilent Zybo Z7 210351B7A99BA' is selected.
13:10:47 INFO  : 'jtag frequency' command is executed.
13:10:47 INFO  : Context for 'APU' is selected.
13:10:47 INFO  : System reset is completed.
13:10:50 INFO  : 'after 3000' command is executed.
13:10:50 INFO  : 'targets -set -filter {jtag_cable_name =~ "Digilent Zybo Z7 210351B7A99BA" && level==0 && jtag_device_ctx=="jsn-Zybo Z7-210351B7A99BA-13722093-0"}' command is executed.
13:10:51 INFO  : Device configured successfully with "/thayerfs/home/f005cpz/workspace/module6/module6_sw/_ide/bitstream/module6_hw_wrapper.bit"
13:10:51 INFO  : Context for 'APU' is selected.
13:10:53 INFO  : Hardware design and registers information is loaded from '/thayerfs/home/f005cpz/workspace/module6/module6_hw_wrapper/export/module6_hw_wrapper/hw/module6_hw_wrapper.xsa'.
13:10:53 INFO  : 'configparams force-mem-access 1' command is executed.
13:10:53 INFO  : Context for 'APU' is selected.
13:10:53 INFO  : Sourcing of '/thayerfs/home/f005cpz/workspace/module6/module6_sw/_ide/psinit/ps7_init.tcl' is done.
13:10:53 INFO  : 'ps7_init' command is executed.
13:10:53 INFO  : 'ps7_post_config' command is executed.
13:10:53 INFO  : Context for processor 'ps7_cortexa9_0' is selected.
13:10:54 INFO  : The application '/thayerfs/home/f005cpz/workspace/module6/module6_sw/Debug/module6_sw.elf' is downloaded to processor 'ps7_cortexa9_0'.
13:10:54 INFO  : 'configparams force-mem-access 0' command is executed.
13:10:54 INFO  : ----------------XSDB Script----------------
connect -url tcp:127.0.0.1:3121
targets -set -nocase -filter {name =~"APU*"}
rst -system
after 3000
targets -set -filter {jtag_cable_name =~ "Digilent Zybo Z7 210351B7A99BA" && level==0 && jtag_device_ctx=="jsn-Zybo Z7-210351B7A99BA-13722093-0"}
fpga -file /thayerfs/home/f005cpz/workspace/module6/module6_sw/_ide/bitstream/module6_hw_wrapper.bit
targets -set -nocase -filter {name =~"APU*"}
loadhw -hw /thayerfs/home/f005cpz/workspace/module6/module6_hw_wrapper/export/module6_hw_wrapper/hw/module6_hw_wrapper.xsa -mem-ranges [list {0x40000000 0xbfffffff}] -regs
configparams force-mem-access 1
targets -set -nocase -filter {name =~"APU*"}
source /thayerfs/home/f005cpz/workspace/module6/module6_sw/_ide/psinit/ps7_init.tcl
ps7_init
ps7_post_config
targets -set -nocase -filter {name =~ "*A9*#0"}
dow /thayerfs/home/f005cpz/workspace/module6/module6_sw/Debug/module6_sw.elf
configparams force-mem-access 0
----------------End of Script----------------

13:10:54 INFO  : Context for processor 'ps7_cortexa9_0' is selected.
13:10:54 INFO  : 'con' command is executed.
13:10:54 INFO  : ----------------XSDB Script (After Launch)----------------
targets -set -nocase -filter {name =~ "*A9*#0"}
con
----------------End of Script----------------

13:10:54 INFO  : Launch script is exported to file '/thayerfs/home/f005cpz/workspace/module6/module6_sw_system/_ide/scripts/systemdebugger_module6_sw_system_standalone.tcl'
13:12:30 INFO  : Disconnected from the channel tcfchan#4.
13:12:30 INFO  : Connected to target on host '127.0.0.1' and port '3121'.
13:12:31 INFO  : Jtag cable 'Digilent Zybo Z7 210351B7A99BA' is selected.
13:12:31 INFO  : 'jtag frequency' command is executed.
13:12:31 INFO  : Context for 'APU' is selected.
13:12:31 INFO  : System reset is completed.
13:12:34 INFO  : 'after 3000' command is executed.
13:12:34 INFO  : 'targets -set -filter {jtag_cable_name =~ "Digilent Zybo Z7 210351B7A99BA" && level==0 && jtag_device_ctx=="jsn-Zybo Z7-210351B7A99BA-13722093-0"}' command is executed.
13:12:35 INFO  : Device configured successfully with "/thayerfs/home/f005cpz/workspace/module6/module6_sw/_ide/bitstream/module6_hw_wrapper.bit"
13:12:35 INFO  : Context for 'APU' is selected.
13:12:37 INFO  : Hardware design and registers information is loaded from '/thayerfs/home/f005cpz/workspace/module6/module6_hw_wrapper/export/module6_hw_wrapper/hw/module6_hw_wrapper.xsa'.
13:12:37 INFO  : 'configparams force-mem-access 1' command is executed.
13:12:37 INFO  : Context for 'APU' is selected.
13:12:37 INFO  : Sourcing of '/thayerfs/home/f005cpz/workspace/module6/module6_sw/_ide/psinit/ps7_init.tcl' is done.
13:12:37 INFO  : 'ps7_init' command is executed.
13:12:37 INFO  : 'ps7_post_config' command is executed.
13:12:37 INFO  : Context for processor 'ps7_cortexa9_0' is selected.
13:12:37 INFO  : The application '/thayerfs/home/f005cpz/workspace/module6/module6_sw/Debug/module6_sw.elf' is downloaded to processor 'ps7_cortexa9_0'.
13:12:37 INFO  : 'configparams force-mem-access 0' command is executed.
13:12:37 INFO  : ----------------XSDB Script----------------
connect -url tcp:127.0.0.1:3121
targets -set -nocase -filter {name =~"APU*"}
rst -system
after 3000
targets -set -filter {jtag_cable_name =~ "Digilent Zybo Z7 210351B7A99BA" && level==0 && jtag_device_ctx=="jsn-Zybo Z7-210351B7A99BA-13722093-0"}
fpga -file /thayerfs/home/f005cpz/workspace/module6/module6_sw/_ide/bitstream/module6_hw_wrapper.bit
targets -set -nocase -filter {name =~"APU*"}
loadhw -hw /thayerfs/home/f005cpz/workspace/module6/module6_hw_wrapper/export/module6_hw_wrapper/hw/module6_hw_wrapper.xsa -mem-ranges [list {0x40000000 0xbfffffff}] -regs
configparams force-mem-access 1
targets -set -nocase -filter {name =~"APU*"}
source /thayerfs/home/f005cpz/workspace/module6/module6_sw/_ide/psinit/ps7_init.tcl
ps7_init
ps7_post_config
targets -set -nocase -filter {name =~ "*A9*#0"}
dow /thayerfs/home/f005cpz/workspace/module6/module6_sw/Debug/module6_sw.elf
configparams force-mem-access 0
----------------End of Script----------------

13:12:37 INFO  : Context for processor 'ps7_cortexa9_0' is selected.
13:12:37 INFO  : 'con' command is executed.
13:12:37 INFO  : ----------------XSDB Script (After Launch)----------------
targets -set -nocase -filter {name =~ "*A9*#0"}
con
----------------End of Script----------------

13:12:37 INFO  : Launch script is exported to file '/thayerfs/home/f005cpz/workspace/module6/module6_sw_system/_ide/scripts/systemdebugger_module6_sw_system_standalone.tcl'
17:30:09 INFO  : Disconnected from the channel tcfchan#5.
17:30:09 INFO  : Connected to target on host '127.0.0.1' and port '3121'.
17:30:09 INFO  : Jtag cable 'Digilent Zybo Z7 210351B7A99BA' is selected.
17:30:09 INFO  : 'jtag frequency' command is executed.
17:30:09 INFO  : Context for 'APU' is selected.
17:30:09 INFO  : System reset is completed.
17:30:13 INFO  : 'after 3000' command is executed.
17:30:13 INFO  : 'targets -set -filter {jtag_cable_name =~ "Digilent Zybo Z7 210351B7A99BA" && level==0 && jtag_device_ctx=="jsn-Zybo Z7-210351B7A99BA-13722093-0"}' command is executed.
17:30:14 INFO  : Device configured successfully with "/thayerfs/home/f005cpz/workspace/module6/module6_sw/_ide/bitstream/module6_hw_wrapper.bit"
17:30:14 INFO  : Context for 'APU' is selected.
17:30:20 INFO  : Hardware design and registers information is loaded from '/thayerfs/home/f005cpz/workspace/module6/module6_hw_wrapper/export/module6_hw_wrapper/hw/module6_hw_wrapper.xsa'.
17:30:20 INFO  : 'configparams force-mem-access 1' command is executed.
17:30:20 INFO  : Context for 'APU' is selected.
17:30:20 INFO  : Sourcing of '/thayerfs/home/f005cpz/workspace/module6/module6_sw/_ide/psinit/ps7_init.tcl' is done.
17:30:20 INFO  : 'ps7_init' command is executed.
17:30:21 INFO  : 'ps7_post_config' command is executed.
17:30:21 INFO  : Context for processor 'ps7_cortexa9_0' is selected.
17:30:21 INFO  : The application '/thayerfs/home/f005cpz/workspace/module6/module6_sw/Debug/module6_sw.elf' is downloaded to processor 'ps7_cortexa9_0'.
17:30:21 INFO  : 'configparams force-mem-access 0' command is executed.
17:30:21 INFO  : ----------------XSDB Script----------------
connect -url tcp:127.0.0.1:3121
targets -set -nocase -filter {name =~"APU*"}
rst -system
after 3000
targets -set -filter {jtag_cable_name =~ "Digilent Zybo Z7 210351B7A99BA" && level==0 && jtag_device_ctx=="jsn-Zybo Z7-210351B7A99BA-13722093-0"}
fpga -file /thayerfs/home/f005cpz/workspace/module6/module6_sw/_ide/bitstream/module6_hw_wrapper.bit
targets -set -nocase -filter {name =~"APU*"}
loadhw -hw /thayerfs/home/f005cpz/workspace/module6/module6_hw_wrapper/export/module6_hw_wrapper/hw/module6_hw_wrapper.xsa -mem-ranges [list {0x40000000 0xbfffffff}] -regs
configparams force-mem-access 1
targets -set -nocase -filter {name =~"APU*"}
source /thayerfs/home/f005cpz/workspace/module6/module6_sw/_ide/psinit/ps7_init.tcl
ps7_init
ps7_post_config
targets -set -nocase -filter {name =~ "*A9*#0"}
dow /thayerfs/home/f005cpz/workspace/module6/module6_sw/Debug/module6_sw.elf
configparams force-mem-access 0
----------------End of Script----------------

17:30:21 INFO  : Context for processor 'ps7_cortexa9_0' is selected.
17:30:21 INFO  : 'con' command is executed.
17:30:21 INFO  : ----------------XSDB Script (After Launch)----------------
targets -set -nocase -filter {name =~ "*A9*#0"}
con
----------------End of Script----------------

17:30:21 INFO  : Launch script is exported to file '/thayerfs/home/f005cpz/workspace/module6/module6_sw_system/_ide/scripts/systemdebugger_module6_sw_system_standalone.tcl'
17:36:55 INFO  : Disconnected from the channel tcfchan#6.
